Enter the Huber regression refitting period in bars (e.g., 1, 12, 24): No input received; defaulting refit period to 1 (refit every bar).
Structural feature/risk overrides from /Users/lindawang/Documents/Workspace/quant/jobs/optimize_5f5e341393_structural.json: {'use_regime_features': True, 'use_hmm_feature': True, 'regime_source': 'fit', 'hmm_source': 'fit', 'regime_raw_scale': 1.0, 'hmm_raw_scale': 1.0, 'risk_budget_pct': 0.01, 'max_trade_risk_pct': 0.0025, 'max_leverage': 1.0, 'daily_loss_limit_pct': 0.02, 'kill_switch_pct': 0.1, 'kill_warn_pct': 0.05, 'kelly_max_fraction': 0.5}
Optuna sampler seed = 833822932
Huber refit cadence = every 1 bar(s) (fixed, not tuned)
warmup_bars = 150, min_train_bars = 120 (fixed, not tuned)
In-sample:  quant/data/sample_bars_is.csv
Out-of-sample: quant/data/sample_bars_oos.csv
[I 2026-07-24 11:24:52,392] A new study created in memory with name: no-name-939e3c3f-ba9f-45ef-90da-faf799e9692c
Goal mode: running until score >= 2.3 (max 400 trials).
  0%|          | 0/400 [00:00<?, ?it/s]                                       [I 2026-07-24 11:25:08,246] Trial 0 finished with value: -1.2927590333501793 and parameters: {'n_lags': 3, 'horizon': 1, 'entry_threshold': 0.002103392419088926, 'atr_period': 13, 'atr_stop_mult': 2.967735124428763, 'use_limit_orders': False, 'limit_offset_bps': 1.0451866094681674, 'use_kelly_sizing': False, 'kelly_fraction': 0.8347945966648678, 'max_open_positions': 5, 'cross_asset_lags': 4, 'spread_lags': 0, 'huber_alpha': 0.18668875484581593, 'huber_epsilon': 2.733772334224427}. Best is trial 0 with value: -1.2927590333501793.
  0%|          | 0/400 [00:15<?, ?it/s]Best trial: 0. Best value: -1.29276:   0%|          | 0/400 [00:15<?, ?it/s]Best trial: 0. Best value: -1.29276:   0%|          | 1/400 [00:15<1:45:24, 15.85s/it]                                                                                      [I 2026-07-24 11:25:29,226] Trial 1 finished with value: -1.2941309622819135 and parameters: {'n_lags': 11, 'horizon': 5, 'entry_threshold': 0.0003624887000551807, 'atr_period': 17, 'atr_stop_mult': 1.0206501542152795, 'use_limit_orders': True, 'limit_offset_bps': 0.5356196575447488, 'use_kelly_sizing': True, 'kelly_fraction': 0.9901158689395115, 'max_open_positions': 5, 'cross_asset_lags': 5, 'spread_lags': 5, 'huber_alpha': 5.6446740935665165, 'huber_epsilon': 1.9243669765076954}. Best is trial 0 with value: -1.2927590333501793.
Best trial: 0. Best value: -1.29276:   0%|          | 1/400 [00:36<1:45:24, 15.85s/it]Best trial: 0. Best value: -1.29276:   0%|          | 1/400 [00:36<1:45:24, 15.85s/it]Best trial: 0. Best value: -1.29276:   0%|          | 2/400 [00:36<2:05:09, 18.87s/it]                                                                                      [I 2026-07-24 11:25:49,718] Trial 2 finished with value: -0.7280450855032622 and parameters: {'n_lags': 7, 'horizon': 1, 'entry_threshold': 0.00014832087654930565, 'atr_period': 19, 'atr_stop_mult': 2.9861577559942925, 'use_limit_orders': False, 'limit_offset_bps': 0.5796665640478501, 'use_kelly_sizing': False, 'kelly_fraction': 0.7266869259501747, 'max_open_positions': 2, 'cross_asset_lags': 5, 'spread_lags': 3, 'huber_alpha': 0.33537169324234223, 'huber_epsilon': 1.8808846053575317}. Best is trial 2 with value: -0.7280450855032622.
Best trial: 0. Best value: -1.29276:   0%|          | 2/400 [00:57<2:05:09, 18.87s/it]Best trial: 2. Best value: -0.728045:   0%|          | 2/400 [00:57<2:05:09, 18.87s/it]Best trial: 2. Best value: -0.728045:   1%|          | 3/400 [00:57<2:09:44, 19.61s/it]                                                                                       [I 2026-07-24 11:26:09,888] Trial 3 finished with value: -0.30380714077131055 and parameters: {'n_lags': 9, 'horizon': 3, 'entry_threshold': 0.0035768003975900995, 'atr_period': 19, 'atr_stop_mult': 2.101754564150978, 'use_limit_orders': False, 'limit_offset_bps': 1.9147145555511802, 'use_kelly_sizing': True, 'kelly_fraction': 0.24341371872358528, 'max_open_positions': 1, 'cross_asset_lags': 2, 'spread_lags': 4, 'huber_alpha': 0.06008656670405904, 'huber_epsilon': 1.1713175900442738}. Best is trial 3 with value: -0.30380714077131055.
Best trial: 2. Best value: -0.728045:   1%|          | 3/400 [01:17<2:09:44, 19.61s/it]Best trial: 3. Best value: -0.303807:   1%|          | 3/400 [01:17<2:09:44, 19.61s/it]Best trial: 3. Best value: -0.303807:   1%|          | 4/400 [01:17<2:10:52, 19.83s/it]                                                                                       [I 2026-07-24 11:26:33,522] Trial 4 finished with value: -1.6857282734288581 and parameters: {'n_lags': 13, 'horizon': 2, 'entry_threshold': 0.00023272065927456827, 'atr_period': 9, 'atr_stop_mult': 3.444628775009213, 'use_limit_orders': True, 'limit_offset_bps': 1.5147061877119545, 'use_kelly_sizing': True, 'kelly_fraction': 0.49058717268859015, 'max_open_positions': 4, 'cross_asset_lags': 2, 'spread_lags': 5, 'huber_alpha': 6.760297176237676, 'huber_epsilon': 1.3529241249719368}. Best is trial 3 with value: -0.30380714077131055.
Best trial: 3. Best value: -0.303807:   1%|          | 4/400 [01:41<2:10:52, 19.83s/it]Best trial: 3. Best value: -0.303807:   1%|          | 4/400 [01:41<2:10:52, 19.83s/it]Best trial: 3. Best value: -0.303807:   1%|▏         | 5/400 [01:41<2:19:34, 21.20s/it]                                                                                       [I 2026-07-24 11:26:51,574] Trial 5 finished with value: -1.0291435656918495 and parameters: {'n_lags': 11, 'horizon': 1, 'entry_threshold': 0.0003146824168968141, 'atr_period': 21, 'atr_stop_mult': 3.2729992656437283, 'use_limit_orders': True, 'limit_offset_bps': 3.004373691218242, 'use_kelly_sizing': True, 'kelly_fraction': 0.36986926959617905, 'max_open_positions': 2, 'cross_asset_lags': 4, 'spread_lags': 1, 'huber_alpha': 0.924567340808407, 'huber_epsilon': 2.3561922387257237}. Best is trial 3 with value: -0.30380714077131055.
Best trial: 3. Best value: -0.303807:   1%|▏         | 5/400 [01:59<2:19:34, 21.20s/it]Best trial: 3. Best value: -0.303807:   1%|▏         | 5/400 [01:59<2:19:34, 21.20s/it]Best trial: 3. Best value: -0.303807:   2%|▏         | 6/400 [01:59<2:12:11, 20.13s/it]                                                                                       [I 2026-07-24 11:26:53,930] Trial 6 pruned. 
Best trial: 3. Best value: -0.303807:   2%|▏         | 6/400 [02:01<2:12:11, 20.13s/it]Best trial: 3. Best value: -0.303807:   2%|▏         | 6/400 [02:01<2:12:11, 20.13s/it]Best trial: 3. Best value: -0.303807:   2%|▏         | 7/400 [02:01<1:33:47, 14.32s/it]                                                                                       [I 2026-07-24 11:27:16,236] Trial 7 finished with value: -1.6985246170766595 and parameters: {'n_lags': 11, 'horizon': 1, 'entry_threshold': 0.0007127344110950851, 'atr_period': 12, 'atr_stop_mult': 3.8162565627200897, 'use_limit_orders': True, 'limit_offset_bps': 1.2303785950598738, 'use_kelly_sizing': False, 'kelly_fraction': 0.5793730832929445, 'max_open_positions': 4, 'cross_asset_lags': 4, 'spread_lags': 4, 'huber_alpha': 3.1760617204714996, 'huber_epsilon': 1.9380093623254626}. Best is trial 3 with value: -0.30380714077131055.
Best trial: 3. Best value: -0.303807:   2%|▏         | 7/400 [02:23<1:33:47, 14.32s/it]Best trial: 3. Best value: -0.303807:   2%|▏         | 7/400 [02:23<1:33:47, 14.32s/it]Best trial: 3. Best value: -0.303807:   2%|▏         | 8/400 [02:23<1:50:10, 16.86s/it]                                                                                       [I 2026-07-24 11:27:38,647] Trial 8 finished with value: -0.42041790670793266 and parameters: {'n_lags': 7, 'horizon': 2, 'entry_threshold': 0.0004269669547200425, 'atr_period': 11, 'atr_stop_mult': 2.7952093180986917, 'use_limit_orders': True, 'limit_offset_bps': 7.2411663240691135, 'use_kelly_sizing': True, 'kelly_fraction': 0.8685217144549238, 'max_open_positions': 2, 'cross_asset_lags': 3, 'spread_lags': 5, 'huber_alpha': 0.7937819183583703, 'huber_epsilon': 1.7394540998108634}. Best is trial 3 with value: -0.30380714077131055.
Best trial: 3. Best value: -0.303807:   2%|▏         | 8/400 [02:46<1:50:10, 16.86s/it]Best trial: 3. Best value: -0.303807:   2%|▏         | 8/400 [02:46<1:50:10, 16.86s/it]Best trial: 3. Best value: -0.303807:   2%|▏         | 9/400 [02:46<2:01:11, 18.60s/it]                                                                                       [I 2026-07-24 11:27:41,153] Trial 9 pruned. 
Best trial: 3. Best value: -0.303807:   2%|▏         | 9/400 [02:48<2:01:11, 18.60s/it]Best trial: 3. Best value: -0.303807:   2%|▏         | 9/400 [02:48<2:01:11, 18.60s/it]Best trial: 3. Best value: -0.303807:   2%|▎         | 10/400 [02:48<1:28:35, 13.63s/it]                                                                                        [I 2026-07-24 11:27:52,746] Trial 10 finished with value: -0.49737913164373904 and parameters: {'n_lags': 15, 'horizon': 5, 'entry_threshold': 0.004913946744750745, 'atr_period': 7, 'atr_stop_mult': 2.0480003161966756, 'use_limit_orders': False, 'limit_offset_bps': 3.724948982618305, 'use_kelly_sizing': True, 'kelly_fraction': 0.09552578803540868, 'max_open_positions': 1, 'cross_asset_lags': 0, 'spread_lags': 0, 'huber_alpha': 0.00010500721110860485, 'huber_epsilon': 1.0617348870190448}. Best is trial 3 with value: -0.30380714077131055.
Best trial: 3. Best value: -0.303807:   2%|▎         | 10/400 [03:00<1:28:35, 13.63s/it]Best trial: 3. Best value: -0.303807:   2%|▎         | 10/400 [03:00<1:28:35, 13.63s/it]Best trial: 3. Best value: -0.303807:   3%|▎         | 11/400 [03:00<1:24:19, 13.01s/it]                                                                                        [I 2026-07-24 11:28:11,570] Trial 11 finished with value: -0.4609463284070751 and parameters: {'n_lags': 7, 'horizon': 3, 'entry_threshold': 0.0021078093270537434, 'atr_period': 15, 'atr_stop_mult': 2.259215653812195, 'use_limit_orders': True, 'limit_offset_bps': 8.50480239848997, 'use_kelly_sizing': True, 'kelly_fraction': 0.07004026685634912, 'max_open_positions': 1, 'cross_asset_lags': 1, 'spread_lags': 4, 'huber_alpha': 0.021132265310908453, 'huber_epsilon': 1.4429825568989125}. Best is trial 3 with value: -0.30380714077131055.
Best trial: 3. Best value: -0.303807:   3%|▎         | 11/400 [03:19<1:24:19, 13.01s/it]Best trial: 3. Best value: -0.303807:   3%|▎         | 11/400 [03:19<1:24:19, 13.01s/it]Best trial: 3. Best value: -0.303807:   3%|▎         | 12/400 [03:19<1:35:33, 14.78s/it]                                                                                        [I 2026-07-24 11:28:31,611] Trial 12 finished with value: 0.005314861897856293 and parameters: {'n_lags': 7, 'horizon': 3, 'entry_threshold': 0.004419138954937875, 'atr_period': 21, 'atr_stop_mult': 2.573953947077045, 'use_limit_orders': True, 'limit_offset_bps': 5.347648447486788, 'use_kelly_sizing': True, 'kelly_fraction': 0.2726457616299318, 'max_open_positions': 1, 'cross_asset_lags': 3, 'spread_lags': 4, 'huber_alpha': 0.01968942232430635, 'huber_epsilon': 1.5515582997119983}. Best is trial 12 with value: 0.005314861897856293.
Best trial: 3. Best value: -0.303807:   3%|▎         | 12/400 [03:39<1:35:33, 14.78s/it]Best trial: 12. Best value: 0.00531486:   3%|▎         | 12/400 [03:39<1:35:33, 14.78s/it]Best trial: 12. Best value: 0.00531486:   3%|▎         | 13/400 [03:39<1:45:35, 16.37s/it]                                                                                          [I 2026-07-24 11:28:34,239] Trial 13 pruned. 
Best trial: 12. Best value: 0.00531486:   3%|▎         | 13/400 [03:41<1:45:35, 16.37s/it]Best trial: 12. Best value: 0.00531486:   3%|▎         | 13/400 [03:41<1:45:35, 16.37s/it]Best trial: 12. Best value: 0.00531486:   4%|▎         | 14/400 [03:41<1:18:36, 12.22s/it]                                                                                          [I 2026-07-24 11:28:53,521] Trial 14 finished with value: -0.7037150538074393 and parameters: {'n_lags': 5, 'horizon': 3, 'entry_threshold': 0.0024788272809679796, 'atr_period': 16, 'atr_stop_mult': 2.5657016333238927, 'use_limit_orders': True, 'limit_offset_bps': 4.701390281659049, 'use_kelly_sizing': True, 'kelly_fraction': 0.22670899464217806, 'max_open_positions': 1, 'cross_asset_lags': 1, 'spread_lags': 4, 'huber_alpha': 0.0021884208626160554, 'huber_epsilon': 1.6063197689995286}. Best is trial 12 with value: 0.005314861897856293.
Best trial: 12. Best value: 0.00531486:   4%|▎         | 14/400 [04:01<1:18:36, 12.22s/it]Best trial: 12. Best value: 0.00531486:   4%|▎         | 14/400 [04:01<1:18:36, 12.22s/it]Best trial: 12. Best value: 0.00531486:   4%|▍         | 15/400 [04:01<1:32:04, 14.35s/it]                                                                                          [I 2026-07-24 11:29:10,630] Trial 15 finished with value: 0.012648448011835123 and parameters: {'n_lags': 9, 'horizon': 3, 'entry_threshold': 0.0030792550157356614, 'atr_period': 19, 'atr_stop_mult': 1.7614830170212525, 'use_limit_orders': False, 'limit_offset_bps': 1.9047516601466596, 'use_kelly_sizing': True, 'kelly_fraction': 0.2069560912303789, 'max_open_positions': 1, 'cross_asset_lags': 3, 'spread_lags': 2, 'huber_alpha': 0.05207181193159808, 'huber_epsilon': 1.2869637435697872}. Best is trial 15 with value: 0.012648448011835123.
Best trial: 12. Best value: 0.00531486:   4%|▍         | 15/400 [04:18<1:32:04, 14.35s/it]Best trial: 15. Best value: 0.0126484:   4%|▍         | 15/400 [04:18<1:32:04, 14.35s/it] Best trial: 15. Best value: 0.0126484:   4%|▍         | 16/400 [04:18<1:37:08, 15.18s/it]                                                                                         [I 2026-07-24 11:29:13,205] Trial 16 pruned. 
Best trial: 15. Best value: 0.0126484:   4%|▍         | 16/400 [04:20<1:37:08, 15.18s/it]Best trial: 15. Best value: 0.0126484:   4%|▍         | 16/400 [04:20<1:37:08, 15.18s/it]Best trial: 15. Best value: 0.0126484:   4%|▍         | 17/400 [04:20<1:12:42, 11.39s/it]                                                                                         [I 2026-07-24 11:29:30,393] Trial 17 finished with value: -0.7555373309904636 and parameters: {'n_lags': 6, 'horizon': 4, 'entry_threshold': 0.0012401284924532904, 'atr_period': 19, 'atr_stop_mult': 1.7134006487795324, 'use_limit_orders': False, 'limit_offset_bps': 0.8739998053705297, 'use_kelly_sizing': True, 'kelly_fraction': 0.3501698575104031, 'max_open_positions': 2, 'cross_asset_lags': 3, 'spread_lags': 2, 'huber_alpha': 0.10483013418046411, 'huber_epsilon': 1.439256686793302}. Best is trial 15 with value: 0.012648448011835123.
Best trial: 15. Best value: 0.0126484:   4%|▍         | 17/400 [04:37<1:12:42, 11.39s/it]Best trial: 15. Best value: 0.0126484:   4%|▍         | 17/400 [04:37<1:12:42, 11.39s/it]Best trial: 15. Best value: 0.0126484:   4%|▍         | 18/400 [04:37<1:23:36, 13.13s/it]                                                                                         [I 2026-07-24 11:29:48,101] Trial 18 finished with value: -0.24498217759182866 and parameters: {'n_lags': 8, 'horizon': 3, 'entry_threshold': 0.002939440529960795, 'atr_period': 15, 'atr_stop_mult': 1.7104815773366624, 'use_limit_orders': False, 'limit_offset_bps': 2.1749425025781046, 'use_kelly_sizing': True, 'kelly_fraction': 0.38595457270312855, 'max_open_positions': 1, 'cross_asset_lags': 4, 'spread_lags': 1, 'huber_alpha': 0.0032748163302062476, 'huber_epsilon': 2.200706235709025}. Best is trial 15 with value: 0.012648448011835123.
Best trial: 15. Best value: 0.0126484:   4%|▍         | 18/400 [04:55<1:23:36, 13.13s/it]Best trial: 15. Best value: 0.0126484:   4%|▍         | 18/400 [04:55<1:23:36, 13.13s/it]Best trial: 15. Best value: 0.0126484:   5%|▍         | 19/400 [04:55<1:32:06, 14.51s/it]                                                                                         [I 2026-07-24 11:29:50,222] Trial 19 pruned. 
Best trial: 15. Best value: 0.0126484:   5%|▍         | 19/400 [04:57<1:32:06, 14.51s/it]Best trial: 15. Best value: 0.0126484:   5%|▍         | 19/400 [04:57<1:32:06, 14.51s/it]Best trial: 15. Best value: 0.0126484:   5%|▌         | 20/400 [04:57<1:08:19, 10.79s/it]                                                                                         [I 2026-07-24 11:30:10,154] Trial 20 finished with value: -0.8531497406450201 and parameters: {'n_lags': 13, 'horizon': 2, 'entry_threshold': 0.0036616658330542833, 'atr_period': 17, 'atr_stop_mult': 3.9956143500226338, 'use_limit_orders': True, 'limit_offset_bps': 1.6227839414494711, 'use_kelly_sizing': True, 'kelly_fraction': 0.30897560792719037, 'max_open_positions': 2, 'cross_asset_lags': 3, 'spread_lags': 3, 'huber_alpha': 0.0648752924119263, 'huber_epsilon': 1.3347518077382938}. Best is trial 15 with value: 0.012648448011835123.
Best trial: 15. Best value: 0.0126484:   5%|▌         | 20/400 [05:17<1:08:19, 10.79s/it]Best trial: 15. Best value: 0.0126484:   5%|▌         | 20/400 [05:17<1:08:19, 10.79s/it]Best trial: 15. Best value: 0.0126484:   5%|▌         | 21/400 [05:17<1:25:28, 13.53s/it]                                                                                         [I 2026-07-24 11:30:28,495] Trial 21 finished with value: 0.05674301019294724 and parameters: {'n_lags': 8, 'horizon': 3, 'entry_threshold': 0.002959374452974612, 'atr_period': 14, 'atr_stop_mult': 1.514607680265184, 'use_limit_orders': False, 'limit_offset_bps': 2.288139207057824, 'use_kelly_sizing': True, 'kelly_fraction': 0.456667485753135, 'max_open_positions': 1, 'cross_asset_lags': 4, 'spread_lags': 1, 'huber_alpha': 0.004639139418853633, 'huber_epsilon': 2.2587896805049423}. Best is trial 21 with value: 0.05674301019294724.
Best trial: 15. Best value: 0.0126484:   5%|▌         | 21/400 [05:36<1:25:28, 13.53s/it]Best trial: 21. Best value: 0.056743:   5%|▌         | 21/400 [05:36<1:25:28, 13.53s/it] Best trial: 21. Best value: 0.056743:   6%|▌         | 22/400 [05:36<1:34:20, 14.98s/it]                                                                                        [I 2026-07-24 11:30:46,784] Trial 22 finished with value: -1.143999885023794 and parameters: {'n_lags': 9, 'horizon': 3, 'entry_threshold': 0.0033795519901971987, 'atr_period': 14, 'atr_stop_mult': 1.467135553509182, 'use_limit_orders': False, 'limit_offset_bps': 2.719365157733062, 'use_kelly_sizing': True, 'kelly_fraction': 0.46894458432902625, 'max_open_positions': 1, 'cross_asset_lags': 4, 'spread_lags': 1, 'huber_alpha': 0.024594533159954746, 'huber_epsilon': 2.565699091250205}. Best is trial 21 with value: 0.05674301019294724.
Best trial: 21. Best value: 0.056743:   6%|▌         | 22/400 [05:54<1:34:20, 14.98s/it]Best trial: 21. Best value: 0.056743:   6%|▌         | 22/400 [05:54<1:34:20, 14.98s/it]Best trial: 21. Best value: 0.056743:   6%|▌         | 23/400 [05:54<1:40:20, 15.97s/it]                                                                                        [I 2026-07-24 11:31:05,778] Trial 23 finished with value: -0.09085990189700645 and parameters: {'n_lags': 8, 'horizon': 3, 'entry_threshold': 0.001535124927897195, 'atr_period': 10, 'atr_stop_mult': 1.912489932325295, 'use_limit_orders': False, 'limit_offset_bps': 3.875948423478547, 'use_kelly_sizing': True, 'kelly_fraction': 0.5816821519118985, 'max_open_positions': 1, 'cross_asset_lags': 5, 'spread_lags': 2, 'huber_alpha': 0.005559015957677393, 'huber_epsilon': 2.1646999478469247}. Best is trial 21 with value: 0.05674301019294724.
Best trial: 21. Best value: 0.056743:   6%|▌         | 23/400 [06:13<1:40:20, 15.97s/it]Best trial: 21. Best value: 0.056743:   6%|▌         | 23/400 [06:13<1:40:20, 15.97s/it]Best trial: 21. Best value: 0.056743:   6%|▌         | 24/400 [06:13<1:45:45, 16.88s/it]                                                                                        [I 2026-07-24 11:31:08,034] Trial 24 pruned. 
Best trial: 21. Best value: 0.056743:   6%|▌         | 24/400 [06:15<1:45:45, 16.88s/it]Best trial: 21. Best value: 0.056743:   6%|▌         | 24/400 [06:15<1:45:45, 16.88s/it]Best trial: 21. Best value: 0.056743:   6%|▋         | 25/400 [06:15<1:18:03, 12.49s/it]                                                                                        [I 2026-07-24 11:31:26,448] Trial 25 finished with value: 0.07194372842920344 and parameters: {'n_lags': 10, 'horizon': 2, 'entry_threshold': 0.002545759039772903, 'atr_period': 20, 'atr_stop_mult': 1.1424016187194552, 'use_limit_orders': False, 'limit_offset_bps': 1.682494646769482, 'use_kelly_sizing': True, 'kelly_fraction': 0.676149723972684, 'max_open_positions': 2, 'cross_asset_lags': 4, 'spread_lags': 1, 'huber_alpha': 0.038422810161855024, 'huber_epsilon': 2.0634242864666072}. Best is trial 25 with value: 0.07194372842920344.
Best trial: 21. Best value: 0.056743:   6%|▋         | 25/400 [06:34<1:18:03, 12.49s/it]Best trial: 25. Best value: 0.0719437:   6%|▋         | 25/400 [06:34<1:18:03, 12.49s/it]Best trial: 25. Best value: 0.0719437:   6%|▋         | 26/400 [06:34<1:28:56, 14.27s/it]                                                                                         [I 2026-07-24 11:31:29,243] Trial 26 pruned. 
Best trial: 25. Best value: 0.0719437:   6%|▋         | 26/400 [06:36<1:28:56, 14.27s/it]Best trial: 25. Best value: 0.0719437:   6%|▋         | 26/400 [06:36<1:28:56, 14.27s/it]Best trial: 25. Best value: 0.0719437:   7%|▋         | 27/400 [06:36<1:07:17, 10.83s/it]                                                                                         [I 2026-07-24 11:31:32,163] Trial 27 pruned. 
