Enter the Huber regression refitting period in bars (e.g., 1, 12, 24): No input received; defaulting refit period to 1 (refit every bar).
Structural feature/risk overrides from /Users/lindawang/Documents/Workspace/quant/jobs/optimize_fe91906e81_structural.json: {'n_lags': 5, 'cross_asset_lags': 1, 'spread_lags': 1, 'use_regime_features': True, 'use_hmm_feature': True, 'regime_source': 'fit', 'hmm_source': 'fit', 'regime_raw_scale': 1.0, 'hmm_raw_scale': 1.0, 'risk_budget_pct': 0.01, 'max_trade_risk_pct': 0.0025, 'max_leverage': 1.0, 'daily_loss_limit_pct': 0.02, 'kill_switch_pct': 0.2, 'kill_warn_pct': 0.05, 'kelly_max_fraction': 0.9}
Optuna sampler seed = 272638023
Huber refit cadence = every 1 bar(s) (fixed, not tuned)
warmup_bars = 150, min_train_bars = 120 (fixed, not tuned)
In-sample:  quant/data/sample_bars_is.csv
Out-of-sample: quant/data/sample_bars_oos.csv
[I 2026-07-23 15:33:08,980] A new study created in memory with name: no-name-8b9ed527-d0df-4076-9e2e-2eeee15ea149
Goal mode: running until score >= 2.3 (max 200 trials).
  0%|          | 0/200 [00:00<?, ?it/s]                                       [I 2026-07-23 15:33:22,067] Trial 0 finished with value: -0.8818918456233169 and parameters: {'n_lags': 5, 'horizon': 3, 'entry_threshold': 0.0011427348884108094, 'atr_period': 11, 'atr_stop_mult': 1.8653434388033057, 'use_limit_orders': True, 'limit_offset_bps': 0.9164704119573169, 'use_kelly_sizing': True, 'kelly_fraction': 0.5909529243341815, 'max_open_positions': 3, 'cross_asset_lags': 3, 'spread_lags': 4, 'huber_alpha': 2.33026999131882, 'huber_epsilon': 1.5618947447037876}. Best is trial 0 with value: -0.8818918456233169.
  0%|          | 0/200 [00:13<?, ?it/s]Best trial: 0. Best value: -0.881892:   0%|          | 0/200 [00:13<?, ?it/s]Best trial: 0. Best value: -0.881892:   0%|          | 1/200 [00:13<43:23, 13.08s/it]                                                                                     [I 2026-07-23 15:33:35,400] Trial 1 finished with value: -0.869108170085138 and parameters: {'n_lags': 4, 'horizon': 2, 'entry_threshold': 0.0027924013290058086, 'atr_period': 17, 'atr_stop_mult': 2.339001639686872, 'use_limit_orders': True, 'limit_offset_bps': 1.308162029114117, 'use_kelly_sizing': False, 'kelly_fraction': 0.3559968083359305, 'max_open_positions': 2, 'cross_asset_lags': 3, 'spread_lags': 5, 'huber_alpha': 0.0003056820156424636, 'huber_epsilon': 2.297642177023565}. Best is trial 1 with value: -0.869108170085138.
Best trial: 0. Best value: -0.881892:   0%|          | 1/200 [00:26<43:23, 13.08s/it]Best trial: 1. Best value: -0.869108:   0%|          | 1/200 [00:26<43:23, 13.08s/it]Best trial: 1. Best value: -0.869108:   1%|          | 2/200 [00:26<43:39, 13.23s/it]                                                                                     [I 2026-07-23 15:33:48,989] Trial 2 finished with value: -0.5688392525538064 and parameters: {'n_lags': 4, 'horizon': 5, 'entry_threshold': 0.003737396142205468, 'atr_period': 15, 'atr_stop_mult': 2.6308035483821186, 'use_limit_orders': True, 'limit_offset_bps': 3.9488549219976785, 'use_kelly_sizing': True, 'kelly_fraction': 0.21210265650267035, 'max_open_positions': 5, 'cross_asset_lags': 1, 'spread_lags': 5, 'huber_alpha': 0.0031878616960519207, 'huber_epsilon': 2.473568951472997}. Best is trial 2 with value: -0.5688392525538064.
Best trial: 1. Best value: -0.869108:   1%|          | 2/200 [00:40<43:39, 13.23s/it]Best trial: 2. Best value: -0.568839:   1%|          | 2/200 [00:40<43:39, 13.23s/it]Best trial: 2. Best value: -0.568839:   2%|▏         | 3/200 [00:40<43:58, 13.39s/it]                                                                                     [I 2026-07-23 15:34:03,255] Trial 3 finished with value: -1.0671348220175463 and parameters: {'n_lags': 4, 'horizon': 1, 'entry_threshold': 0.00010298561818761208, 'atr_period': 9, 'atr_stop_mult': 3.838229933087586, 'use_limit_orders': True, 'limit_offset_bps': 3.034753170360502, 'use_kelly_sizing': False, 'kelly_fraction': 0.8336016367248914, 'max_open_positions': 1, 'cross_asset_lags': 4, 'spread_lags': 4, 'huber_alpha': 4.879239823737286, 'huber_epsilon': 2.966664955776699}. Best is trial 2 with value: -0.5688392525538064.
Best trial: 2. Best value: -0.568839:   2%|▏         | 3/200 [00:54<43:58, 13.39s/it]Best trial: 2. Best value: -0.568839:   2%|▏         | 3/200 [00:54<43:58, 13.39s/it]Best trial: 2. Best value: -0.568839:   2%|▏         | 4/200 [00:54<44:52, 13.74s/it]                                                                                     [I 2026-07-23 15:34:16,719] Trial 4 finished with value: 0.11665197655553924 and parameters: {'n_lags': 8, 'horizon': 3, 'entry_threshold': 0.0007679214497899338, 'atr_period': 9, 'atr_stop_mult': 1.2006363955323254, 'use_limit_orders': True, 'limit_offset_bps': 7.62801612074793, 'use_kelly_sizing': True, 'kelly_fraction': 0.44769530765537124, 'max_open_positions': 1, 'cross_asset_lags': 4, 'spread_lags': 2, 'huber_alpha': 0.11707931602765205, 'huber_epsilon': 2.6856919491772837}. Best is trial 4 with value: 0.11665197655553924.
Best trial: 2. Best value: -0.568839:   2%|▏         | 4/200 [01:07<44:52, 13.74s/it]Best trial: 4. Best value: 0.116652:   2%|▏         | 4/200 [01:07<44:52, 13.74s/it] Best trial: 4. Best value: 0.116652:   2%|▎         | 5/200 [01:07<44:19, 13.64s/it]                                                                                    [I 2026-07-23 15:34:18,645] Trial 5 pruned. 
Best trial: 4. Best value: 0.116652:   2%|▎         | 5/200 [01:09<44:19, 13.64s/it]Best trial: 4. Best value: 0.116652:   2%|▎         | 5/200 [01:09<44:19, 13.64s/it]Best trial: 4. Best value: 0.116652:   3%|▎         | 6/200 [01:09<31:13,  9.66s/it]                                                                                    [I 2026-07-23 15:34:32,422] Trial 6 finished with value: -0.20403333919310546 and parameters: {'n_lags': 10, 'horizon': 5, 'entry_threshold': 0.00387151506413122, 'atr_period': 10, 'atr_stop_mult': 3.7240702472243368, 'use_limit_orders': True, 'limit_offset_bps': 6.014452462773808, 'use_kelly_sizing': True, 'kelly_fraction': 0.6084563929941028, 'max_open_positions': 4, 'cross_asset_lags': 3, 'spread_lags': 5, 'huber_alpha': 0.00877352990250103, 'huber_epsilon': 1.8728296959215271}. Best is trial 4 with value: 0.11665197655553924.
Best trial: 4. Best value: 0.116652:   3%|▎         | 6/200 [01:23<31:13,  9.66s/it]Best trial: 4. Best value: 0.116652:   3%|▎         | 6/200 [01:23<31:13,  9.66s/it]Best trial: 4. Best value: 0.116652:   4%|▎         | 7/200 [01:23<35:23, 11.00s/it]                                                                                    [I 2026-07-23 15:34:34,403] Trial 7 pruned. 
Best trial: 4. Best value: 0.116652:   4%|▎         | 7/200 [01:25<35:23, 11.00s/it]Best trial: 4. Best value: 0.116652:   4%|▎         | 7/200 [01:25<35:23, 11.00s/it]Best trial: 4. Best value: 0.116652:   4%|▍         | 8/200 [01:25<26:01,  8.13s/it]                                                                                    [I 2026-07-23 15:34:36,426] Trial 8 pruned. 
Best trial: 4. Best value: 0.116652:   4%|▍         | 8/200 [01:27<26:01,  8.13s/it]Best trial: 4. Best value: 0.116652:   4%|▍         | 8/200 [01:27<26:01,  8.13s/it]Best trial: 4. Best value: 0.116652:   4%|▍         | 9/200 [01:27<19:48,  6.22s/it]                                                                                    [I 2026-07-23 15:34:38,411] Trial 9 pruned. 
Best trial: 4. Best value: 0.116652:   4%|▍         | 9/200 [01:29<19:48,  6.22s/it]Best trial: 4. Best value: 0.116652:   4%|▍         | 9/200 [01:29<19:48,  6.22s/it]Best trial: 4. Best value: 0.116652:   5%|▌         | 10/200 [01:29<15:33,  4.91s/it]                                                                                     [I 2026-07-23 15:34:40,431] Trial 10 pruned. 
Best trial: 4. Best value: 0.116652:   5%|▌         | 10/200 [01:31<15:33,  4.91s/it]Best trial: 4. Best value: 0.116652:   5%|▌         | 10/200 [01:31<15:33,  4.91s/it]Best trial: 4. Best value: 0.116652:   6%|▌         | 11/200 [01:31<12:41,  4.03s/it]                                                                                     [I 2026-07-23 15:34:55,498] Trial 11 finished with value: -0.606399231166349 and parameters: {'n_lags': 9, 'horizon': 5, 'entry_threshold': 0.0013386875100808372, 'atr_period': 7, 'atr_stop_mult': 1.0738357032361627, 'use_limit_orders': True, 'limit_offset_bps': 9.524122524980022, 'use_kelly_sizing': True, 'kelly_fraction': 0.5011420197848121, 'max_open_positions': 5, 'cross_asset_lags': 2, 'spread_lags': 2, 'huber_alpha': 0.004032193923000462, 'huber_epsilon': 1.885975891401269}. Best is trial 4 with value: 0.11665197655553924.
Best trial: 4. Best value: 0.116652:   6%|▌         | 11/200 [01:46<12:41,  4.03s/it]Best trial: 4. Best value: 0.116652:   6%|▌         | 11/200 [01:46<12:41,  4.03s/it]Best trial: 4. Best value: 0.116652:   6%|▌         | 12/200 [01:46<23:08,  7.39s/it]                                                                                     [I 2026-07-23 15:35:10,836] Trial 12 finished with value: -0.4236138236368571 and parameters: {'n_lags': 10, 'horizon': 4, 'entry_threshold': 0.0004172969627858191, 'atr_period': 11, 'atr_stop_mult': 2.8384748010930134, 'use_limit_orders': True, 'limit_offset_bps': 5.177069864193538, 'use_kelly_sizing': True, 'kelly_fraction': 0.3988999298389484, 'max_open_positions': 2, 'cross_asset_lags': 5, 'spread_lags': 0, 'huber_alpha': 0.40630336274705015, 'huber_epsilon': 1.9160882680387836}. Best is trial 4 with value: 0.11665197655553924.
Best trial: 4. Best value: 0.116652:   6%|▌         | 12/200 [02:01<23:08,  7.39s/it]Best trial: 4. Best value: 0.116652:   6%|▌         | 12/200 [02:01<23:08,  7.39s/it]Best trial: 4. Best value: 0.116652:   6%|▋         | 13/200 [02:01<30:31,  9.80s/it]                                                                                     [I 2026-07-23 15:35:16,045] Trial 13 pruned. 
Best trial: 4. Best value: 0.116652:   6%|▋         | 13/200 [02:07<30:31,  9.80s/it]Best trial: 4. Best value: 0.116652:   6%|▋         | 13/200 [02:07<30:31,  9.80s/it]Best trial: 4. Best value: 0.116652:   7%|▋         | 14/200 [02:07<26:04,  8.41s/it]                                                                                     [I 2026-07-23 15:35:18,279] Trial 14 pruned. 
Best trial: 4. Best value: 0.116652:   7%|▋         | 14/200 [02:09<26:04,  8.41s/it]Best trial: 4. Best value: 0.116652:   7%|▋         | 14/200 [02:09<26:04,  8.41s/it]Best trial: 4. Best value: 0.116652:   8%|▊         | 15/200 [02:09<20:11,  6.55s/it]                                                                                     [I 2026-07-23 15:35:33,780] Trial 15 finished with value: -0.30703290061622157 and parameters: {'n_lags': 7, 'horizon': 5, 'entry_threshold': 0.0005897173116725733, 'atr_period': 12, 'atr_stop_mult': 2.3099611192428604, 'use_limit_orders': True, 'limit_offset_bps': 6.6902602278111925, 'use_kelly_sizing': True, 'kelly_fraction': 0.523545292426784, 'max_open_positions': 1, 'cross_asset_lags': 4, 'spread_lags': 1, 'huber_alpha': 0.16740588585947322, 'huber_epsilon': 1.725560896539579}. Best is trial 4 with value: 0.11665197655553924.
Best trial: 4. Best value: 0.116652:   8%|▊         | 15/200 [02:24<20:11,  6.55s/it]Best trial: 4. Best value: 0.116652:   8%|▊         | 15/200 [02:24<20:11,  6.55s/it]Best trial: 4. Best value: 0.116652:   8%|▊         | 16/200 [02:24<28:20,  9.24s/it]                                                                                     [I 2026-07-23 15:35:51,890] Trial 16 finished with value: -1.5842699899854737 and parameters: {'n_lags': 13, 'horizon': 2, 'entry_threshold': 0.00019291078905354667, 'atr_period': 9, 'atr_stop_mult': 3.1339643646610083, 'use_limit_orders': True, 'limit_offset_bps': 2.837130174762825, 'use_kelly_sizing': True, 'kelly_fraction': 0.05617262190847322, 'max_open_positions': 5, 'cross_asset_lags': 2, 'spread_lags': 3, 'huber_alpha': 1.7091045112767211, 'huber_epsilon': 1.1566552396076377}. Best is trial 4 with value: 0.11665197655553924.
Best trial: 4. Best value: 0.116652:   8%|▊         | 16/200 [02:42<28:20,  9.24s/it]Best trial: 4. Best value: 0.116652:   8%|▊         | 16/200 [02:42<28:20,  9.24s/it]Best trial: 4. Best value: 0.116652:   8%|▊         | 17/200 [02:42<36:19, 11.91s/it]                                                                                     [I 2026-07-23 15:36:07,865] Trial 17 finished with value: -0.6770060389407287 and parameters: {'n_lags': 15, 'horizon': 4, 'entry_threshold': 0.0016288659226598246, 'atr_period': 13, 'atr_stop_mult': 3.555673865496556, 'use_limit_orders': True, 'limit_offset_bps': 1.7228769198871687, 'use_kelly_sizing': True, 'kelly_fraction': 0.7380549583649119, 'max_open_positions': 2, 'cross_asset_lags': 5, 'spread_lags': 5, 'huber_alpha': 0.001113224650872051, 'huber_epsilon': 2.1734040667355816}. Best is trial 4 with value: 0.11665197655553924.
Best trial: 4. Best value: 0.116652:   8%|▊         | 17/200 [02:58<36:19, 11.91s/it]Best trial: 4. Best value: 0.116652:   8%|▊         | 17/200 [02:58<36:19, 11.91s/it]Best trial: 4. Best value: 0.116652:   9%|▉         | 18/200 [02:58<39:49, 13.13s/it]                                                                                     [I 2026-07-23 15:36:10,302] Trial 18 pruned. 
Best trial: 4. Best value: 0.116652:   9%|▉         | 18/200 [03:01<39:49, 13.13s/it]Best trial: 4. Best value: 0.116652:   9%|▉         | 18/200 [03:01<39:49, 13.13s/it]Best trial: 4. Best value: 0.116652:  10%|▉         | 19/200 [03:01<29:55,  9.92s/it]                                                                                     [I 2026-07-23 15:36:12,555] Trial 19 pruned. 
Best trial: 4. Best value: 0.116652:  10%|▉         | 19/200 [03:03<29:55,  9.92s/it]Best trial: 4. Best value: 0.116652:  10%|▉         | 19/200 [03:03<29:55,  9.92s/it]Best trial: 4. Best value: 0.116652:  10%|█         | 20/200 [03:03<22:51,  7.62s/it]                                                                                     [I 2026-07-23 15:36:28,526] Trial 20 finished with value: -0.7224805494104078 and parameters: {'n_lags': 9, 'horizon': 4, 'entry_threshold': 0.00048150740418913707, 'atr_period': 13, 'atr_stop_mult': 1.4281348089568295, 'use_limit_orders': True, 'limit_offset_bps': 3.7522625575895994, 'use_kelly_sizing': True, 'kelly_fraction': 0.628324757139822, 'max_open_positions': 1, 'cross_asset_lags': 3, 'spread_lags': 3, 'huber_alpha': 0.826244718153709, 'huber_epsilon': 2.38486072996893}. Best is trial 4 with value: 0.11665197655553924.
Best trial: 4. Best value: 0.116652:  10%|█         | 20/200 [03:19<22:51,  7.62s/it]Best trial: 4. Best value: 0.116652:  10%|█         | 20/200 [03:19<22:51,  7.62s/it]Best trial: 4. Best value: 0.116652:  10%|█         | 21/200 [03:19<30:12, 10.13s/it]                                                                                     [I 2026-07-23 15:36:45,495] Trial 21 finished with value: -0.3041577415809228 and parameters: {'n_lags': 7, 'horizon': 5, 'entry_threshold': 0.00029885302349412556, 'atr_period': 12, 'atr_stop_mult': 2.4075586133672426, 'use_limit_orders': True, 'limit_offset_bps': 6.896904779461737, 'use_kelly_sizing': True, 'kelly_fraction': 0.5120297059397088, 'max_open_positions': 1, 'cross_asset_lags': 4, 'spread_lags': 1, 'huber_alpha': 0.09994189990500135, 'huber_epsilon': 1.7206908972752288}. Best is trial 4 with value: 0.11665197655553924.
Best trial: 4. Best value: 0.116652:  10%|█         | 21/200 [03:36<30:12, 10.13s/it]Best trial: 4. Best value: 0.116652:  10%|█         | 21/200 [03:36<30:12, 10.13s/it]Best trial: 4. Best value: 0.116652:  11%|█         | 22/200 [03:36<36:07, 12.18s/it]                                                                                     [I 2026-07-23 15:37:03,304] Trial 22 finished with value: -0.02568209251487441 and parameters: {'n_lags': 8, 'horizon': 5, 'entry_threshold': 0.0002697110002628579, 'atr_period': 10, 'atr_stop_mult': 2.5798914521494285, 'use_limit_orders': True, 'limit_offset_bps': 7.38492327008496, 'use_kelly_sizing': True, 'kelly_fraction': 0.4251662565716944, 'max_open_positions': 1, 'cross_asset_lags': 4, 'spread_lags': 1, 'huber_alpha': 0.06124679314184591, 'huber_epsilon': 1.7366763451622291}. Best is trial 4 with value: 0.11665197655553924.
Best trial: 4. Best value: 0.116652:  11%|█         | 22/200 [03:54<36:07, 12.18s/it]Best trial: 4. Best value: 0.116652:  11%|█         | 22/200 [03:54<36:07, 12.18s/it]Best trial: 4. Best value: 0.116652:  12%|█▏        | 23/200 [03:54<40:54, 13.87s/it]                                                                                     [I 2026-07-23 15:37:05,719] Trial 23 pruned. 
Best trial: 4. Best value: 0.116652:  12%|█▏        | 23/200 [03:56<40:54, 13.87s/it]Best trial: 4. Best value: 0.116652:  12%|█▏        | 23/200 [03:56<40:54, 13.87s/it]Best trial: 4. Best value: 0.116652:  12%|█▏        | 24/200 [03:56<30:35, 10.43s/it]                                                                                     [I 2026-07-23 15:37:22,936] Trial 24 finished with value: -0.4236991822912983 and parameters: {'n_lags': 11, 'horizon': 4, 'entry_threshold': 0.00010772321905714792, 'atr_period': 8, 'atr_stop_mult': 2.817223416581759, 'use_limit_orders': True, 'limit_offset_bps': 5.225286602538283, 'use_kelly_sizing': True, 'kelly_fraction': 0.4219491647628401, 'max_open_positions': 1, 'cross_asset_lags': 3, 'spread_lags': 2, 'huber_alpha': 0.04318045777436397, 'huber_epsilon': 1.672538474578243}. Best is trial 4 with value: 0.11665197655553924.
Best trial: 4. Best value: 0.116652:  12%|█▏        | 24/200 [04:13<30:35, 10.43s/it]Best trial: 4. Best value: 0.116652:  12%|█▏        | 24/200 [04:13<30:35, 10.43s/it]Best trial: 4. Best value: 0.116652:  12%|█▎        | 25/200 [04:13<36:21, 12.47s/it]                                                                                     [I 2026-07-23 15:37:41,248] Trial 25 finished with value: 0.20788762962898794 and parameters: {'n_lags': 8, 'horizon': 5, 'entry_threshold': 0.00018368682417562035, 'atr_period': 11, 'atr_stop_mult': 1.4515643422222482, 'use_limit_orders': True, 'limit_offset_bps': 8.177180852960834, 'use_kelly_sizing': True, 'kelly_fraction': 0.7188645161340719, 'max_open_positions': 2, 'cross_asset_lags': 4, 'spread_lags': 1, 'huber_alpha': 0.05591896633350959, 'huber_epsilon': 2.105904143946217}. Best is trial 25 with value: 0.20788762962898794.
Best trial: 4. Best value: 0.116652:  12%|█▎        | 25/200 [04:32<36:21, 12.47s/it]Best trial: 25. Best value: 0.207888:  12%|█▎        | 25/200 [04:32<36:21, 12.47s/it]Best trial: 25. Best value: 0.207888:  13%|█▎        | 26/200 [04:32<41:14, 14.22s/it]                                                                                      [I 2026-07-23 15:37:43,873] Trial 26 pruned. 
Best trial: 25. Best value: 0.207888:  13%|█▎        | 26/200 [04:34<41:14, 14.22s/it]Best trial: 25. Best value: 0.207888:  13%|█▎        | 26/200 [04:34<41:14, 14.22s/it]Best trial: 25. Best value: 0.207888:  14%|█▎        | 27/200 [04:34<30:58, 10.74s/it]                                                                                      [I 2026-07-23 15:37:46,370] Trial 27 pruned. 
Best trial: 25. Best value: 0.207888:  14%|█▎        | 27/200 [04:37<30:58, 10.74s/it]Best trial: 25. Best value: 0.207888:  14%|█▎        | 27/200 [04:37<30:58, 10.74s/it]Best trial: 25. Best value: 0.207888:  14%|█▍        | 28/200 [04:37<23:42,  8.27s/it]                                                                                      [I 2026-07-23 15:37:48,780] Trial 28 pruned. 
Best trial: 25. Best value: 0.207888:  14%|█▍        | 28/200 [04:39<23:42,  8.27s/it]Best trial: 25. Best value: 0.207888:  14%|█▍        | 28/200 [04:39<23:42,  8.27s/it]Best trial: 25. Best value: 0.207888:  14%|█▍        | 29/200 [04:39<18:33,  6.51s/it]                                                                                      [I 2026-07-23 15:38:05,432] Trial 29 finished with value: -0.1948309708177732 and parameters: {'n_lags': 6, 'horizon': 5, 'entry_threshold': 0.0003571339671048052, 'atr_period': 11, 'atr_stop_mult': 1.1985656255397128, 'use_limit_orders': True, 'limit_offset_bps': 5.424855690182351, 'use_kelly_sizing': True, 'kelly_fraction': 0.5655425565187091, 'max_open_positions': 1, 'cross_asset_lags': 5, 'spread_lags': 0, 'huber_alpha': 0.0009877908538478202, 'huber_epsilon': 1.615830069265673}. Best is trial 25 with value: 0.20788762962898794.
Best trial: 25. Best value: 0.207888:  14%|█▍        | 29/200 [04:56<18:33,  6.51s/it]Best trial: 25. Best value: 0.207888:  14%|█▍        | 29/200 [04:56<18:33,  6.51s/it]Best trial: 25. Best value: 0.207888:  15%|█▌        | 30/200 [04:56<27:04,  9.55s/it]                                                                                      [I 2026-07-23 15:38:08,070] Trial 30 pruned. 
