Enter the Huber regression refitting period in bars (e.g., 1, 12, 24): No input received; defaulting refit period to 1 (refit every bar).
Structural feature/risk overrides from /Users/lindawang/Documents/Workspace/quant/jobs/optimize_33e45bf29b_structural.json: {'n_lags': 5, 'cross_asset_lags': 0, 'spread_lags': 0, 'use_regime_features': True, 'use_hmm_feature': True, 'regime_source': 'fit', 'hmm_source': 'fit', 'regime_raw_scale': 1.0, 'hmm_raw_scale': 1.0, 'risk_budget_pct': 0.01, 'max_trade_risk_pct': 0.0025, 'max_leverage': 1.0, 'daily_loss_limit_pct': 0.02, 'kill_switch_pct': 0.2, 'kill_warn_pct': 0.05, 'kelly_max_fraction': 0.9}
Optuna sampler seed = 1626637112
Huber refit cadence = every 1 bar(s) (fixed, not tuned)
warmup_bars = 150, min_train_bars = 120 (fixed, not tuned)
In-sample:  quant/data/sample_bars_is.csv
Out-of-sample: quant/data/sample_bars_oos.csv
[I 2026-07-23 12:05:41,666] A new study created in memory with name: no-name-0aa364c5-39c0-4958-be53-42147b345825
Running 20 trials.
  0%|          | 0/20 [00:00<?, ?it/s]                                      [I 2026-07-23 12:05:50,237] Trial 0 finished with value: 0.8897613490632327 and parameters: {'n_lags': 15, 'horizon': 5, 'entry_threshold': 0.004551970178698214, 'atr_period': 15, 'atr_stop_mult': 2.5979240985341776, 'use_limit_orders': True, 'limit_offset_bps': 2.815456569062611, 'use_kelly_sizing': False, 'kelly_fraction': 0.6000676916096293, 'max_open_positions': 1, 'cross_asset_lags': 0, 'spread_lags': 5, 'huber_alpha': 0.003958793086550701, 'huber_epsilon': 1.7112402190108171}. Best is trial 0 with value: 0.8897613490632327.
  0%|          | 0/20 [00:08<?, ?it/s]Best trial: 0. Best value: 0.889761:   0%|          | 0/20 [00:08<?, ?it/s]Best trial: 0. Best value: 0.889761:   5%|▌         | 1/20 [00:08<02:42,  8.57s/it]                                                                                   [I 2026-07-23 12:05:59,684] Trial 1 finished with value: -1.0621823012460216 and parameters: {'n_lags': 10, 'horizon': 2, 'entry_threshold': 0.004842781877238498, 'atr_period': 11, 'atr_stop_mult': 1.9990565833938998, 'use_limit_orders': True, 'limit_offset_bps': 2.036172971097994, 'use_kelly_sizing': False, 'kelly_fraction': 0.5742941953907802, 'max_open_positions': 5, 'cross_asset_lags': 4, 'spread_lags': 1, 'huber_alpha': 0.007498740890042031, 'huber_epsilon': 2.3806721337374186}. Best is trial 0 with value: 0.8897613490632327.
Best trial: 0. Best value: 0.889761:   5%|▌         | 1/20 [00:18<02:42,  8.57s/it]Best trial: 0. Best value: 0.889761:   5%|▌         | 1/20 [00:18<02:42,  8.57s/it]Best trial: 0. Best value: 0.889761:  10%|█         | 2/20 [00:18<02:43,  9.08s/it]                                                                                   [I 2026-07-23 12:06:09,118] Trial 2 finished with value: -0.31710934702729193 and parameters: {'n_lags': 4, 'horizon': 3, 'entry_threshold': 0.0028055543357046087, 'atr_period': 17, 'atr_stop_mult': 1.940134929706851, 'use_limit_orders': False, 'limit_offset_bps': 4.003777877645281, 'use_kelly_sizing': True, 'kelly_fraction': 0.7282628483254803, 'max_open_positions': 5, 'cross_asset_lags': 5, 'spread_lags': 2, 'huber_alpha': 0.0032802953651751192, 'huber_epsilon': 2.239755217905122}. Best is trial 0 with value: 0.8897613490632327.
Best trial: 0. Best value: 0.889761:  10%|█         | 2/20 [00:27<02:43,  9.08s/it]Best trial: 0. Best value: 0.889761:  10%|█         | 2/20 [00:27<02:43,  9.08s/it]Best trial: 0. Best value: 0.889761:  15%|█▌        | 3/20 [00:27<02:37,  9.24s/it]                                                                                   [I 2026-07-23 12:06:18,568] Trial 3 finished with value: -0.7710861775422074 and parameters: {'n_lags': 11, 'horizon': 3, 'entry_threshold': 0.00035086045762937394, 'atr_period': 11, 'atr_stop_mult': 2.6422318459514114, 'use_limit_orders': True, 'limit_offset_bps': 2.2099879100560584, 'use_kelly_sizing': True, 'kelly_fraction': 0.22884806407513245, 'max_open_positions': 1, 'cross_asset_lags': 5, 'spread_lags': 1, 'huber_alpha': 0.021052502488087713, 'huber_epsilon': 2.526548528761349}. Best is trial 0 with value: 0.8897613490632327.
Best trial: 0. Best value: 0.889761:  15%|█▌        | 3/20 [00:36<02:37,  9.24s/it]Best trial: 0. Best value: 0.889761:  15%|█▌        | 3/20 [00:36<02:37,  9.24s/it]Best trial: 0. Best value: 0.889761:  20%|██        | 4/20 [00:36<02:29,  9.33s/it]                                                                                   [I 2026-07-23 12:06:27,832] Trial 4 finished with value: 0.14009417200405894 and parameters: {'n_lags': 12, 'horizon': 5, 'entry_threshold': 0.00011883899941675637, 'atr_period': 10, 'atr_stop_mult': 1.7265241145909926, 'use_limit_orders': False, 'limit_offset_bps': 0.7297584090961279, 'use_kelly_sizing': False, 'kelly_fraction': 0.26304418464481755, 'max_open_positions': 2, 'cross_asset_lags': 3, 'spread_lags': 2, 'huber_alpha': 0.00938684799865524, 'huber_epsilon': 2.1470060457410587}. Best is trial 0 with value: 0.8897613490632327.
Best trial: 0. Best value: 0.889761:  20%|██        | 4/20 [00:46<02:29,  9.33s/it]Best trial: 0. Best value: 0.889761:  20%|██        | 4/20 [00:46<02:29,  9.33s/it]Best trial: 0. Best value: 0.889761:  25%|██▌       | 5/20 [00:46<02:19,  9.30s/it]                                                                                   [I 2026-07-23 12:06:29,160] Trial 5 pruned. 
Best trial: 0. Best value: 0.889761:  25%|██▌       | 5/20 [00:47<02:19,  9.30s/it]Best trial: 0. Best value: 0.889761:  25%|██▌       | 5/20 [00:47<02:19,  9.30s/it]Best trial: 0. Best value: 0.889761:  30%|███       | 6/20 [00:47<01:32,  6.59s/it]                                                                                   [I 2026-07-23 12:06:30,532] Trial 6 pruned. 
Best trial: 0. Best value: 0.889761:  30%|███       | 6/20 [00:48<01:32,  6.59s/it]Best trial: 0. Best value: 0.889761:  30%|███       | 6/20 [00:48<01:32,  6.59s/it]Best trial: 0. Best value: 0.889761:  35%|███▌      | 7/20 [00:48<01:03,  4.89s/it]                                                                                   [I 2026-07-23 12:06:31,878] Trial 7 pruned. 
Best trial: 0. Best value: 0.889761:  35%|███▌      | 7/20 [00:50<01:03,  4.89s/it]Best trial: 0. Best value: 0.889761:  35%|███▌      | 7/20 [00:50<01:03,  4.89s/it]Best trial: 0. Best value: 0.889761:  40%|████      | 8/20 [00:50<00:45,  3.76s/it]                                                                                   [I 2026-07-23 12:06:33,196] Trial 8 pruned. 
Best trial: 0. Best value: 0.889761:  40%|████      | 8/20 [00:51<00:45,  3.76s/it]Best trial: 0. Best value: 0.889761:  40%|████      | 8/20 [00:51<00:45,  3.76s/it]Best trial: 0. Best value: 0.889761:  45%|████▌     | 9/20 [00:51<00:32,  3.00s/it]                                                                                   [I 2026-07-23 12:06:34,642] Trial 9 pruned. 
Best trial: 0. Best value: 0.889761:  45%|████▌     | 9/20 [00:52<00:32,  3.00s/it]Best trial: 0. Best value: 0.889761:  45%|████▌     | 9/20 [00:52<00:32,  3.00s/it]Best trial: 0. Best value: 0.889761:  50%|█████     | 10/20 [00:52<00:25,  2.52s/it]                                                                                    [I 2026-07-23 12:06:43,853] Trial 10 finished with value: -0.2955650609910657 and parameters: {'n_lags': 15, 'horizon': 5, 'entry_threshold': 0.000957652097862829, 'atr_period': 21, 'atr_stop_mult': 1.1331746862067873, 'use_limit_orders': True, 'limit_offset_bps': 9.454588725749344, 'use_kelly_sizing': True, 'kelly_fraction': 0.9724555895689373, 'max_open_positions': 1, 'cross_asset_lags': 0, 'spread_lags': 5, 'huber_alpha': 5.732218874967728, 'huber_epsilon': 1.1253111082382055}. Best is trial 0 with value: 0.8897613490632327.
Best trial: 0. Best value: 0.889761:  50%|█████     | 10/20 [01:02<00:25,  2.52s/it]Best trial: 0. Best value: 0.889761:  50%|█████     | 10/20 [01:02<00:25,  2.52s/it]Best trial: 0. Best value: 0.889761:  55%|█████▌    | 11/20 [01:02<00:41,  4.57s/it]                                                                                    [I 2026-07-23 12:06:45,167] Trial 11 pruned. 
Best trial: 0. Best value: 0.889761:  55%|█████▌    | 11/20 [01:03<00:41,  4.57s/it]Best trial: 0. Best value: 0.889761:  55%|█████▌    | 11/20 [01:03<00:41,  4.57s/it]Best trial: 0. Best value: 0.889761:  60%|██████    | 12/20 [01:03<00:28,  3.58s/it]                                                                                    [I 2026-07-23 12:06:46,487] Trial 12 pruned. 
Best trial: 0. Best value: 0.889761:  60%|██████    | 12/20 [01:04<00:28,  3.58s/it]Best trial: 0. Best value: 0.889761:  60%|██████    | 12/20 [01:04<00:28,  3.58s/it]Best trial: 0. Best value: 0.889761:  65%|██████▌   | 13/20 [01:04<00:20,  2.89s/it]                                                                                    [I 2026-07-23 12:06:47,817] Trial 13 pruned. 
Best trial: 0. Best value: 0.889761:  65%|██████▌   | 13/20 [01:06<00:20,  2.89s/it]Best trial: 0. Best value: 0.889761:  65%|██████▌   | 13/20 [01:06<00:20,  2.89s/it]Best trial: 0. Best value: 0.889761:  70%|███████   | 14/20 [01:06<00:14,  2.42s/it]                                                                                    [I 2026-07-23 12:06:49,151] Trial 14 pruned. 
Best trial: 0. Best value: 0.889761:  70%|███████   | 14/20 [01:07<00:14,  2.42s/it]Best trial: 0. Best value: 0.889761:  70%|███████   | 14/20 [01:07<00:14,  2.42s/it]Best trial: 0. Best value: 0.889761:  75%|███████▌  | 15/20 [01:07<00:10,  2.09s/it]                                                                                    [I 2026-07-23 12:06:50,488] Trial 15 pruned. 
Best trial: 0. Best value: 0.889761:  75%|███████▌  | 15/20 [01:08<00:10,  2.09s/it]Best trial: 0. Best value: 0.889761:  75%|███████▌  | 15/20 [01:08<00:10,  2.09s/it]Best trial: 0. Best value: 0.889761:  80%|████████  | 16/20 [01:08<00:07,  1.87s/it]                                                                                    [I 2026-07-23 12:07:00,037] Trial 16 finished with value: -0.33315356130678353 and parameters: {'n_lags': 12, 'horizon': 5, 'entry_threshold': 0.00010153299124211366, 'atr_period': 18, 'atr_stop_mult': 3.2122676129526986, 'use_limit_orders': False, 'limit_offset_bps': 0.8499013060319499, 'use_kelly_sizing': False, 'kelly_fraction': 0.8106667444349436, 'max_open_positions': 1, 'cross_asset_lags': 2, 'spread_lags': 3, 'huber_alpha': 0.7074413189813629, 'huber_epsilon': 2.9210715143489443}. Best is trial 0 with value: 0.8897613490632327.
Best trial: 0. Best value: 0.889761:  80%|████████  | 16/20 [01:18<00:07,  1.87s/it]Best trial: 0. Best value: 0.889761:  80%|████████  | 16/20 [01:18<00:07,  1.87s/it]Best trial: 0. Best value: 0.889761:  85%|████████▌ | 17/20 [01:18<00:12,  4.18s/it]                                                                                    [I 2026-07-23 12:07:01,371] Trial 17 pruned. 
Best trial: 0. Best value: 0.889761:  85%|████████▌ | 17/20 [01:19<00:12,  4.18s/it]Best trial: 0. Best value: 0.889761:  85%|████████▌ | 17/20 [01:19<00:12,  4.18s/it]Best trial: 0. Best value: 0.889761:  90%|█████████ | 18/20 [01:19<00:06,  3.32s/it]                                                                                    [I 2026-07-23 12:07:02,683] Trial 18 pruned. 
Best trial: 0. Best value: 0.889761:  90%|█████████ | 18/20 [01:21<00:06,  3.32s/it]Best trial: 0. Best value: 0.889761:  90%|█████████ | 18/20 [01:21<00:06,  3.32s/it]Best trial: 0. Best value: 0.889761:  95%|█████████▌| 19/20 [01:21<00:02,  2.72s/it]                                                                                    [I 2026-07-23 12:07:03,997] Trial 19 pruned. 
Best trial: 0. Best value: 0.889761:  95%|█████████▌| 19/20 [01:22<00:02,  2.72s/it]Best trial: 0. Best value: 0.889761:  95%|█████████▌| 19/20 [01:22<00:02,  2.72s/it]Best trial: 0. Best value: 0.889761: 100%|██████████| 20/20 [01:22<00:00,  2.30s/it]Best trial: 0. Best value: 0.889761: 100%|██████████| 20/20 [01:22<00:00,  4.12s/it]

Trials: 7 complete, 13 pruned early (20 run)

=========== BEST (in-sample) ===========
value: 0.8897613490632327
params: {'n_lags': 15, 'horizon': 5, 'entry_threshold': 0.004551970178698214, 'atr_period': 15, 'atr_stop_mult': 2.5979240985341776, 'use_limit_orders': True, 'limit_offset_bps': 2.815456569062611, 'use_kelly_sizing': False, 'kelly_fraction': 0.6000676916096293, 'max_open_positions': 1, 'cross_asset_lags': 0, 'spread_lags': 5, 'huber_alpha': 0.003958793086550701, 'huber_epsilon': 1.7112402190108171}

Saved best params -> quant/optimize/best_params.json

=========== VALIDATION (out-of-sample) ===========
oos score: 2.821251002826378
Saved run artifact -> quant/runs/optimize_33e45bf29b.json
