Best trial: 25. Best value: 0.0719437:   7%|▋         | 27/400 [06:39<1:07:17, 10.83s/it]Best trial: 25. Best value: 0.0719437:   7%|▋         | 27/400 [06:39<1:07:17, 10.83s/it]Best trial: 25. Best value: 0.0719437:   7%|▋         | 28/400 [06:39<52:24,  8.45s/it]                                                                                         [I 2026-07-24 11:31:51,105] Trial 28 finished with value: -0.10611411236516022 and parameters: {'n_lags': 10, 'horizon': 2, 'entry_threshold': 0.001831383996165306, 'atr_period': 15, 'atr_stop_mult': 1.5737563125773697, 'use_limit_orders': False, 'limit_offset_bps': 1.146387490268947, 'use_kelly_sizing': True, 'kelly_fraction': 0.8383363363660543, 'max_open_positions': 2, 'cross_asset_lags': 4, 'spread_lags': 1, 'huber_alpha': 0.12753930564054855, 'huber_epsilon': 2.427482245158573}. Best is trial 25 with value: 0.07194372842920344.
Best trial: 25. Best value: 0.0719437:   7%|▋         | 28/400 [06:58<52:24,  8.45s/it]Best trial: 25. Best value: 0.0719437:   7%|▋         | 28/400 [06:58<52:24,  8.45s/it]Best trial: 25. Best value: 0.0719437:   7%|▋         | 29/400 [06:58<1:11:43, 11.60s/it]                                                                                         [I 2026-07-24 11:31:53,398] Trial 29 pruned. 
Best trial: 25. Best value: 0.0719437:   7%|▋         | 29/400 [07:01<1:11:43, 11.60s/it]Best trial: 25. Best value: 0.0719437:   7%|▋         | 29/400 [07:01<1:11:43, 11.60s/it]Best trial: 25. Best value: 0.0719437:   8%|▊         | 30/400 [07:01<54:18,  8.81s/it]                                                                                         [I 2026-07-24 11:31:55,792] Trial 30 pruned. 
Best trial: 25. Best value: 0.0719437:   8%|▊         | 30/400 [07:03<54:18,  8.81s/it]Best trial: 25. Best value: 0.0719437:   8%|▊         | 30/400 [07:03<54:18,  8.81s/it]Best trial: 25. Best value: 0.0719437:   8%|▊         | 31/400 [07:03<42:20,  6.88s/it]                                                                                       [I 2026-07-24 11:31:58,235] Trial 31 pruned. 
Best trial: 25. Best value: 0.0719437:   8%|▊         | 31/400 [07:05<42:20,  6.88s/it]Best trial: 25. Best value: 0.0719437:   8%|▊         | 31/400 [07:05<42:20,  6.88s/it]Best trial: 25. Best value: 0.0719437:   8%|▊         | 32/400 [07:05<34:03,  5.55s/it]                                                                                       [I 2026-07-24 11:32:16,343] Trial 32 finished with value: 0.24002338089289732 and parameters: {'n_lags': 3, 'horizon': 3, 'entry_threshold': 0.002875985399480328, 'atr_period': 18, 'atr_stop_mult': 1.0007931939971995, 'use_limit_orders': False, 'limit_offset_bps': 3.1044287343070005, 'use_kelly_sizing': True, 'kelly_fraction': 0.9478292077268969, 'max_open_positions': 1, 'cross_asset_lags': 3, 'spread_lags': 2, 'huber_alpha': 0.005055264624234807, 'huber_epsilon': 1.2278683525133334}. Best is trial 32 with value: 0.24002338089289732.
Best trial: 25. Best value: 0.0719437:   8%|▊         | 32/400 [07:23<34:03,  5.55s/it]Best trial: 32. Best value: 0.240023:   8%|▊         | 32/400 [07:23<34:03,  5.55s/it] Best trial: 32. Best value: 0.240023:   8%|▊         | 33/400 [07:23<56:59,  9.32s/it]                                                                                      [I 2026-07-24 11:32:19,063] Trial 33 pruned. 
Best trial: 32. Best value: 0.240023:   8%|▊         | 33/400 [07:26<56:59,  9.32s/it]Best trial: 32. Best value: 0.240023:   8%|▊         | 33/400 [07:26<56:59,  9.32s/it]Best trial: 32. Best value: 0.240023:   8%|▊         | 34/400 [07:26<44:46,  7.34s/it]                                                                                      [I 2026-07-24 11:32:21,587] Trial 34 pruned. 
Best trial: 32. Best value: 0.240023:   8%|▊         | 34/400 [07:29<44:46,  7.34s/it]Best trial: 32. Best value: 0.240023:   8%|▊         | 34/400 [07:29<44:46,  7.34s/it]Best trial: 32. Best value: 0.240023:   9%|▉         | 35/400 [07:29<35:51,  5.89s/it]                                                                                      [I 2026-07-24 11:32:44,017] Trial 35 finished with value: -1.2635467029933871 and parameters: {'n_lags': 12, 'horizon': 3, 'entry_threshold': 0.0015027060530900095, 'atr_period': 19, 'atr_stop_mult': 1.575077350431298, 'use_limit_orders': False, 'limit_offset_bps': 2.395083392165528, 'use_kelly_sizing': True, 'kelly_fraction': 0.7902093409508019, 'max_open_positions': 5, 'cross_asset_lags': 5, 'spread_lags': 1, 'huber_alpha': 0.0007554396142001566, 'huber_epsilon': 1.093917736480564}. Best is trial 32 with value: 0.24002338089289732.
Best trial: 32. Best value: 0.240023:   9%|▉         | 35/400 [07:51<35:51,  5.89s/it]Best trial: 32. Best value: 0.240023:   9%|▉         | 35/400 [07:51<35:51,  5.89s/it]Best trial: 32. Best value: 0.240023:   9%|▉         | 36/400 [07:51<1:05:51, 10.86s/it]/opt/homebrew/Cellar/python@3.12/3.12.13_4/Frameworks/Python.framework/Versions/3.12/lib/python3.12/multiprocessing/resource_tracker.py:279: UserWarning: resource_tracker: There appear to be 1 leaked semaphore objects to clean up at shutdown
  warnings.warn('resource_tracker: There appear to be %d '
