Enter the Huber regression refitting period in bars (e.g., 1, 12, 24): No input received; defaulting refit period to 1 (refit every bar).
Structural feature/risk overrides from /Users/lindawang/Documents/Workspace/quant/jobs/optimize_ab5cb501fa_structural.json: {'use_regime_features': True, 'use_hmm_feature': True, 'regime_source': 'fit', 'hmm_source': 'fit', 'regime_raw_scale': 1.0, 'hmm_raw_scale': 1.0, 'risk_budget_pct': 0.01, 'max_trade_risk_pct': 0.0025, 'max_leverage': 1.0, 'daily_loss_limit_pct': 0.02, 'kill_switch_pct': 0.2, 'kill_warn_pct': 0.05, 'kelly_max_fraction': 0.9}
Optuna sampler seed = 414519839
Huber refit cadence = every 1 bar(s) (fixed, not tuned)
warmup_bars = 150, min_train_bars = 120 (fixed, not tuned)
In-sample:  quant/data/sample_bars_is.csv
Out-of-sample: quant/data/sample_bars_oos.csv
[I 2026-07-24 11:33:17,129] A new study created in memory with name: no-name-04c3565a-ce0c-42c2-b3f8-a68d5b9c022a
Goal mode: running until score >= 1.5 (max 60 trials).
  0%|          | 0/60 [00:00<?, ?it/s]                                      [I 2026-07-24 11:33:34,026] Trial 0 finished with value: -1.5771365510794546 and parameters: {'n_lags': 14, 'horizon': 1, 'entry_threshold': 0.00010580756535369683, 'atr_period': 18, 'atr_stop_mult': 1.743153641929612, 'use_limit_orders': True, 'limit_offset_bps': 1.9881921649179193, 'use_kelly_sizing': False, 'kelly_fraction': 0.6524930971996318, 'max_open_positions': 4, 'cross_asset_lags': 2, 'spread_lags': 0, 'huber_alpha': 0.0037991597591925533, 'huber_epsilon': 1.1125305905985554}. Best is trial 0 with value: -1.5771365510794546.
  0%|          | 0/60 [00:16<?, ?it/s]Best trial: 0. Best value: -1.57714:   0%|          | 0/60 [00:16<?, ?it/s]Best trial: 0. Best value: -1.57714:   2%|▏         | 1/60 [00:16<16:36, 16.89s/it]                                                                                   [I 2026-07-24 11:33:54,778] Trial 1 finished with value: -1.482568137925615 and parameters: {'n_lags': 11, 'horizon': 1, 'entry_threshold': 0.0005148195168511273, 'atr_period': 20, 'atr_stop_mult': 2.5900009034594946, 'use_limit_orders': False, 'limit_offset_bps': 4.628432098797991, 'use_kelly_sizing': False, 'kelly_fraction': 0.7117956178882877, 'max_open_positions': 3, 'cross_asset_lags': 0, 'spread_lags': 3, 'huber_alpha': 0.0007381306412804091, 'huber_epsilon': 1.820101947611973}. Best is trial 1 with value: -1.482568137925615.
Best trial: 0. Best value: -1.57714:   2%|▏         | 1/60 [00:37<16:36, 16.89s/it]Best trial: 1. Best value: -1.48257:   2%|▏         | 1/60 [00:37<16:36, 16.89s/it]Best trial: 1. Best value: -1.48257:   3%|▎         | 2/60 [00:37<18:31, 19.16s/it]                                                                                   [I 2026-07-24 11:34:12,929] Trial 2 finished with value: -0.5715334319796919 and parameters: {'n_lags': 3, 'horizon': 5, 'entry_threshold': 0.00018857101111227468, 'atr_period': 13, 'atr_stop_mult': 3.780020212896254, 'use_limit_orders': True, 'limit_offset_bps': 0.6918986799770822, 'use_kelly_sizing': False, 'kelly_fraction': 0.35850655235076284, 'max_open_positions': 1, 'cross_asset_lags': 5, 'spread_lags': 2, 'huber_alpha': 0.5752957773805001, 'huber_epsilon': 1.1894896447572032}. Best is trial 2 with value: -0.5715334319796919.
Best trial: 1. Best value: -1.48257:   3%|▎         | 2/60 [00:55<18:31, 19.16s/it]Best trial: 2. Best value: -0.571533:   3%|▎         | 2/60 [00:55<18:31, 19.16s/it]Best trial: 2. Best value: -0.571533:   5%|▌         | 3/60 [00:55<17:45, 18.70s/it]                                                                                    [I 2026-07-24 11:34:30,428] Trial 3 finished with value: -0.7876606987771689 and parameters: {'n_lags': 14, 'horizon': 5, 'entry_threshold': 0.0006581810213742309, 'atr_period': 17, 'atr_stop_mult': 1.9227438365168856, 'use_limit_orders': False, 'limit_offset_bps': 2.6017022499840254, 'use_kelly_sizing': False, 'kelly_fraction': 0.09528893625404172, 'max_open_positions': 1, 'cross_asset_lags': 4, 'spread_lags': 0, 'huber_alpha': 0.002335430732936675, 'huber_epsilon': 1.380349443705654}. Best is trial 2 with value: -0.5715334319796919.
Best trial: 2. Best value: -0.571533:   5%|▌         | 3/60 [01:13<17:45, 18.70s/it]Best trial: 2. Best value: -0.571533:   5%|▌         | 3/60 [01:13<17:45, 18.70s/it]Best trial: 2. Best value: -0.571533:   7%|▋         | 4/60 [01:13<17:00, 18.23s/it]                                                                                    [I 2026-07-24 11:34:52,113] Trial 4 finished with value: -1.1960051940210334 and parameters: {'n_lags': 8, 'horizon': 3, 'entry_threshold': 0.0031369129232929525, 'atr_period': 14, 'atr_stop_mult': 2.9033987995034396, 'use_limit_orders': True, 'limit_offset_bps': 4.352719479512439, 'use_kelly_sizing': False, 'kelly_fraction': 0.4009529685686459, 'max_open_positions': 3, 'cross_asset_lags': 3, 'spread_lags': 4, 'huber_alpha': 0.0025301998302278417, 'huber_epsilon': 2.3872527151380445}. Best is trial 2 with value: -0.5715334319796919.
Best trial: 2. Best value: -0.571533:   7%|▋         | 4/60 [01:34<17:00, 18.23s/it]Best trial: 2. Best value: -0.571533:   7%|▋         | 4/60 [01:34<17:00, 18.23s/it]Best trial: 2. Best value: -0.571533:   8%|▊         | 5/60 [01:34<17:51, 19.47s/it]                                                                                    [I 2026-07-24 11:35:17,520] Trial 5 finished with value: -1.1711863770636242 and parameters: {'n_lags': 13, 'horizon': 1, 'entry_threshold': 0.00028649083255517896, 'atr_period': 12, 'atr_stop_mult': 3.73791909536153, 'use_limit_orders': False, 'limit_offset_bps': 5.502274100155125, 'use_kelly_sizing': True, 'kelly_fraction': 0.48470935073413784, 'max_open_positions': 5, 'cross_asset_lags': 5, 'spread_lags': 4, 'huber_alpha': 2.5968406386221123, 'huber_epsilon': 1.1816979446710556}. Best is trial 2 with value: -0.5715334319796919.
Best trial: 2. Best value: -0.571533:   8%|▊         | 5/60 [02:00<17:51, 19.47s/it]Best trial: 2. Best value: -0.571533:   8%|▊         | 5/60 [02:00<17:51, 19.47s/it]Best trial: 2. Best value: -0.571533:  10%|█         | 6/60 [02:00<19:20, 21.49s/it]                                                                                    [I 2026-07-24 11:35:34,066] Trial 6 finished with value: -0.833650052733619 and parameters: {'n_lags': 9, 'horizon': 4, 'entry_threshold': 0.0015205985997833497, 'atr_period': 16, 'atr_stop_mult': 1.9601846247411547, 'use_limit_orders': False, 'limit_offset_bps': 1.7698946920210277, 'use_kelly_sizing': True, 'kelly_fraction': 0.39456346943875126, 'max_open_positions': 5, 'cross_asset_lags': 2, 'spread_lags': 0, 'huber_alpha': 5.021473520830815, 'huber_epsilon': 1.3760552670289894}. Best is trial 2 with value: -0.5715334319796919.
Best trial: 2. Best value: -0.571533:  10%|█         | 6/60 [02:16<19:20, 21.49s/it]Best trial: 2. Best value: -0.571533:  10%|█         | 6/60 [02:16<19:20, 21.49s/it]Best trial: 2. Best value: -0.571533:  12%|█▏        | 7/60 [02:16<17:33, 19.87s/it]                                                                                    [I 2026-07-24 11:35:54,260] Trial 7 finished with value: -0.386577579802939 and parameters: {'n_lags': 4, 'horizon': 5, 'entry_threshold': 0.003272137489071197, 'atr_period': 7, 'atr_stop_mult': 2.0251826376040514, 'use_limit_orders': True, 'limit_offset_bps': 2.7496328429351906, 'use_kelly_sizing': True, 'kelly_fraction': 0.5163060191621632, 'max_open_positions': 2, 'cross_asset_lags': 4, 'spread_lags': 4, 'huber_alpha': 0.15576512671456694, 'huber_epsilon': 1.368228051894957}. Best is trial 7 with value: -0.386577579802939.
Best trial: 2. Best value: -0.571533:  12%|█▏        | 7/60 [02:37<17:33, 19.87s/it]Best trial: 7. Best value: -0.386578:  12%|█▏        | 7/60 [02:37<17:33, 19.87s/it]Best trial: 7. Best value: -0.386578:  13%|█▎        | 8/60 [02:37<17:18, 19.98s/it]                                                                                    [I 2026-07-24 11:36:12,740] Trial 8 finished with value: -1.5815761372620536 and parameters: {'n_lags': 14, 'horizon': 3, 'entry_threshold': 0.004257709247736668, 'atr_period': 13, 'atr_stop_mult': 3.131777349396348, 'use_limit_orders': False, 'limit_offset_bps': 1.5270269688452287, 'use_kelly_sizing': False, 'kelly_fraction': 0.98780617422402, 'max_open_positions': 5, 'cross_asset_lags': 0, 'spread_lags': 2, 'huber_alpha': 9.492727285423632, 'huber_epsilon': 2.148001734882019}. Best is trial 7 with value: -0.386577579802939.
Best trial: 7. Best value: -0.386578:  13%|█▎        | 8/60 [02:55<17:18, 19.98s/it]Best trial: 7. Best value: -0.386578:  13%|█▎        | 8/60 [02:55<17:18, 19.98s/it]Best trial: 7. Best value: -0.386578:  15%|█▌        | 9/60 [02:55<16:34, 19.51s/it]                                                                                    [I 2026-07-24 11:36:31,530] Trial 9 finished with value: -0.5988794375392386 and parameters: {'n_lags': 10, 'horizon': 1, 'entry_threshold': 0.00012113646863644587, 'atr_period': 11, 'atr_stop_mult': 2.180558870903967, 'use_limit_orders': False, 'limit_offset_bps': 4.067294787566468, 'use_kelly_sizing': True, 'kelly_fraction': 0.05533498523921381, 'max_open_positions': 1, 'cross_asset_lags': 0, 'spread_lags': 2, 'huber_alpha': 8.567103505279164, 'huber_epsilon': 2.3122809908156823}. Best is trial 7 with value: -0.386577579802939.
Best trial: 7. Best value: -0.386578:  15%|█▌        | 9/60 [03:14<16:34, 19.51s/it]Best trial: 7. Best value: -0.386578:  15%|█▌        | 9/60 [03:14<16:34, 19.51s/it]Best trial: 7. Best value: -0.386578:  17%|█▋        | 10/60 [03:14<16:04, 19.29s/it]                                                                                     [I 2026-07-24 11:36:52,654] Trial 10 finished with value: -0.9151706417707841 and parameters: {'n_lags': 3, 'horizon': 3, 'entry_threshold': 0.0016383869992938993, 'atr_period': 7, 'atr_stop_mult': 1.0275639170364883, 'use_limit_orders': True, 'limit_offset_bps': 9.289558420327753, 'use_kelly_sizing': True, 'kelly_fraction': 0.955958364670419, 'max_open_positions': 2, 'cross_asset_lags': 2, 'spread_lags': 5, 'huber_alpha': 0.0930283588229069, 'huber_epsilon': 2.984006042244991}. Best is trial 7 with value: -0.386577579802939.
Best trial: 7. Best value: -0.386578:  17%|█▋        | 10/60 [03:35<16:04, 19.29s/it]Best trial: 7. Best value: -0.386578:  17%|█▋        | 10/60 [03:35<16:04, 19.29s/it]Best trial: 7. Best value: -0.386578:  18%|█▊        | 11/60 [03:35<16:12, 19.85s/it]                                                                                     [I 2026-07-24 11:37:11,970] Trial 11 finished with value: -0.8298167369824148 and parameters: {'n_lags': 3, 'horizon': 5, 'entry_threshold': 0.0003655667555355785, 'atr_period': 7, 'atr_stop_mult': 3.9512084393718907, 'use_limit_orders': True, 'limit_offset_bps': 0.5615267813248674, 'use_kelly_sizing': True, 'kelly_fraction': 0.2561183100673683, 'max_open_positions': 2, 'cross_asset_lags': 5, 'spread_lags': 2, 'huber_alpha': 0.20915053022682475, 'huber_epsilon': 1.6033209849282097}. Best is trial 7 with value: -0.386577579802939.
Best trial: 7. Best value: -0.386578:  18%|█▊        | 11/60 [03:54<16:12, 19.85s/it]Best trial: 7. Best value: -0.386578:  18%|█▊        | 11/60 [03:54<16:12, 19.85s/it]Best trial: 7. Best value: -0.386578:  20%|██        | 12/60 [03:54<15:44, 19.69s/it]                                                                                     [I 2026-07-24 11:37:15,325] Trial 12 pruned. 
Best trial: 7. Best value: -0.386578:  20%|██        | 12/60 [03:58<15:44, 19.69s/it]Best trial: 7. Best value: -0.386578:  20%|██        | 12/60 [03:58<15:44, 19.69s/it]Best trial: 7. Best value: -0.386578:  22%|██▏       | 13/60 [03:58<11:32, 14.74s/it]                                                                                     [I 2026-07-24 11:37:35,620] Trial 13 finished with value: -0.4572799340288507 and parameters: {'n_lags': 5, 'horizon': 4, 'entry_threshold': 0.00027171363670143087, 'atr_period': 9, 'atr_stop_mult': 3.268499071020021, 'use_limit_orders': True, 'limit_offset_bps': 0.989804247215439, 'use_kelly_sizing': False, 'kelly_fraction': 0.3198050405239915, 'max_open_positions': 1, 'cross_asset_lags': 4, 'spread_lags': 3, 'huber_alpha': 0.6748218030634319, 'huber_epsilon': 1.3821619765001754}. Best is trial 7 with value: -0.386577579802939.
Best trial: 7. Best value: -0.386578:  22%|██▏       | 13/60 [04:18<11:32, 14.74s/it]Best trial: 7. Best value: -0.386578:  22%|██▏       | 13/60 [04:18<11:32, 14.74s/it]Best trial: 7. Best value: -0.386578:  23%|██▎       | 14/60 [04:18<12:35, 16.42s/it]                                                                                     [I 2026-07-24 11:37:38,588] Trial 14 pruned. 
Best trial: 7. Best value: -0.386578:  23%|██▎       | 14/60 [04:21<12:35, 16.42s/it]Best trial: 7. Best value: -0.386578:  23%|██▎       | 14/60 [04:21<12:35, 16.42s/it]Best trial: 7. Best value: -0.386578:  25%|██▌       | 15/60 [04:21<09:16, 12.36s/it]                                                                                     [I 2026-07-24 11:37:41,275] Trial 15 pruned. 
Best trial: 7. Best value: -0.386578:  25%|██▌       | 15/60 [04:24<09:16, 12.36s/it]Best trial: 7. Best value: -0.386578:  25%|██▌       | 15/60 [04:24<09:16, 12.36s/it]Best trial: 7. Best value: -0.386578:  27%|██▋       | 16/60 [04:24<06:55,  9.45s/it]/opt/homebrew/Cellar/python@3.12/3.12.13_4/Frameworks/Python.framework/Versions/3.12/lib/python3.12/multiprocessing/resource_tracker.py:279: UserWarning: resource_tracker: There appear to be 1 leaked semaphore objects to clean up at shutdown
  warnings.warn('resource_tracker: There appear to be %d '
