Enter the Huber regression refitting period in bars (e.g., 1, 12, 24): No input received; defaulting refit period to 1 (refit every bar).
Structural feature/risk overrides from /Users/lindawang/Documents/Workspace/quant/jobs/optimize_7a3f979f23_structural.json: {'use_regime_features': True, 'use_hmm_feature': True, 'regime_source': 'fit', 'hmm_source': 'fit', 'regime_raw_scale': 1.0, 'hmm_raw_scale': 1.0, 'risk_budget_pct': 0.01, 'max_trade_risk_pct': 0.0025, 'max_leverage': 1.0, 'daily_loss_limit_pct': 0.02, 'kill_switch_pct': 0.1, 'kill_warn_pct': 0.05, 'kelly_max_fraction': 0.5}
Optuna sampler seed = 1621480399
Huber refit cadence = every 1 bar(s) (fixed, not tuned)
warmup_bars = 150, min_train_bars = 120 (fixed, not tuned)
In-sample:  quant/data/sample_bars_is.csv
Out-of-sample: quant/data/sample_bars_oos.csv
[I 2026-07-24 14:50:06,524] A new study created in RDB with name: optimize_7a3f979f23
Running 10 trials.
  0%|          | 0/10 [00:00<?, ?it/s]                                      [I 2026-07-24 14:50:24,045] Trial 0 finished with value: -0.5984392078800698 and parameters: {'n_lags': 14, 'horizon': 1, 'entry_threshold': 0.000469325381017617, 'atr_period': 19, 'atr_stop_mult': 1.5522972679807356, 'use_limit_orders': True, 'limit_offset_bps': 0.6449792035907643, 'use_kelly_sizing': True, 'kelly_fraction': 0.860105086448632, 'max_open_positions': 3, 'cross_asset_lags': 3, 'spread_lags': 3, 'huber_alpha': 0.04607617427535868, 'huber_epsilon': 1.2397020723855214}. Best is trial 0 with value: -0.5984392078800698.
  0%|          | 0/10 [00:17<?, ?it/s]Best trial: 0. Best value: -0.598439:   0%|          | 0/10 [00:17<?, ?it/s]Best trial: 0. Best value: -0.598439:  10%|█         | 1/10 [00:17<02:37, 17.52s/it]                                                                                    [I 2026-07-24 14:50:42,653] Trial 1 finished with value: -1.3632136779094246 and parameters: {'n_lags': 9, 'horizon': 4, 'entry_threshold': 0.0003916713036499588, 'atr_period': 21, 'atr_stop_mult': 3.9692962769262516, 'use_limit_orders': False, 'limit_offset_bps': 2.1933938024607658, 'use_kelly_sizing': True, 'kelly_fraction': 0.960210717470003, 'max_open_positions': 3, 'cross_asset_lags': 3, 'spread_lags': 5, 'huber_alpha': 0.0006991636915893914, 'huber_epsilon': 2.859510424001724}. Best is trial 0 with value: -0.5984392078800698.
Best trial: 0. Best value: -0.598439:  10%|█         | 1/10 [00:36<02:37, 17.52s/it]Best trial: 0. Best value: -0.598439:  10%|█         | 1/10 [00:36<02:37, 17.52s/it]Best trial: 0. Best value: -0.598439:  20%|██        | 2/10 [00:36<02:25, 18.16s/it]                                                                                    [I 2026-07-24 14:51:03,942] Trial 2 finished with value: -1.2988225942086615 and parameters: {'n_lags': 11, 'horizon': 1, 'entry_threshold': 0.000716836097892327, 'atr_period': 18, 'atr_stop_mult': 2.326605257661781, 'use_limit_orders': True, 'limit_offset_bps': 3.6239014941009384, 'use_kelly_sizing': True, 'kelly_fraction': 0.39705040891663257, 'max_open_positions': 3, 'cross_asset_lags': 3, 'spread_lags': 5, 'huber_alpha': 0.07129023401379292, 'huber_epsilon': 2.3869093283378433}. Best is trial 0 with value: -0.5984392078800698.
Best trial: 0. Best value: -0.598439:  20%|██        | 2/10 [00:57<02:25, 18.16s/it]Best trial: 0. Best value: -0.598439:  20%|██        | 2/10 [00:57<02:25, 18.16s/it]Best trial: 0. Best value: -0.598439:  30%|███       | 3/10 [00:57<02:17, 19.59s/it]                                                                                    [I 2026-07-24 14:51:17,268] Trial 3 finished with value: -0.0032077104983931626 and parameters: {'n_lags': 7, 'horizon': 4, 'entry_threshold': 0.00013227406286220192, 'atr_period': 13, 'atr_stop_mult': 2.849703999988818, 'use_limit_orders': False, 'limit_offset_bps': 6.762512680362851, 'use_kelly_sizing': True, 'kelly_fraction': 0.3850741165390428, 'max_open_positions': 1, 'cross_asset_lags': 2, 'spread_lags': 1, 'huber_alpha': 0.01241122343016716, 'huber_epsilon': 1.3496473712053154}. Best is trial 3 with value: -0.0032077104983931626.
Best trial: 0. Best value: -0.598439:  30%|███       | 3/10 [01:10<02:17, 19.59s/it]Best trial: 3. Best value: -0.00320771:  30%|███       | 3/10 [01:10<02:17, 19.59s/it]Best trial: 3. Best value: -0.00320771:  40%|████      | 4/10 [01:10<01:42, 17.12s/it]                                                                                      [I 2026-07-24 14:51:35,637] Trial 4 finished with value: -0.852835833998306 and parameters: {'n_lags': 6, 'horizon': 1, 'entry_threshold': 0.0028610414233093424, 'atr_period': 12, 'atr_stop_mult': 2.476556527468958, 'use_limit_orders': True, 'limit_offset_bps': 2.506685929638118, 'use_kelly_sizing': False, 'kelly_fraction': 0.42831028454557046, 'max_open_positions': 1, 'cross_asset_lags': 3, 'spread_lags': 4, 'huber_alpha': 0.002546625364229067, 'huber_epsilon': 2.1342640787318263}. Best is trial 3 with value: -0.0032077104983931626.
Best trial: 3. Best value: -0.00320771:  40%|████      | 4/10 [01:29<01:42, 17.12s/it]Best trial: 3. Best value: -0.00320771:  40%|████      | 4/10 [01:29<01:42, 17.12s/it]Best trial: 3. Best value: -0.00320771:  50%|█████     | 5/10 [01:29<01:27, 17.57s/it]                                                                                      [I 2026-07-24 14:51:51,641] Trial 5 finished with value: -0.2961526461872814 and parameters: {'n_lags': 3, 'horizon': 5, 'entry_threshold': 0.00039288872129740167, 'atr_period': 8, 'atr_stop_mult': 2.564578816842312, 'use_limit_orders': False, 'limit_offset_bps': 0.8429508101783683, 'use_kelly_sizing': False, 'kelly_fraction': 0.4125940210631417, 'max_open_positions': 5, 'cross_asset_lags': 5, 'spread_lags': 1, 'huber_alpha': 0.03080699222285907, 'huber_epsilon': 1.2354719476735485}. Best is trial 3 with value: -0.0032077104983931626.
Best trial: 3. Best value: -0.00320771:  50%|█████     | 5/10 [01:45<01:27, 17.57s/it]Best trial: 3. Best value: -0.00320771:  50%|█████     | 5/10 [01:45<01:27, 17.57s/it]Best trial: 3. Best value: -0.00320771:  60%|██████    | 6/10 [01:45<01:08, 17.04s/it]                                                                                      [I 2026-07-24 14:51:53,292] Trial 6 pruned. 
Best trial: 3. Best value: -0.00320771:  60%|██████    | 6/10 [01:46<01:08, 17.04s/it]Best trial: 3. Best value: -0.00320771:  60%|██████    | 6/10 [01:46<01:08, 17.04s/it]Best trial: 3. Best value: -0.00320771:  70%|███████   | 7/10 [01:46<00:36, 12.01s/it]                                                                                      [I 2026-07-24 14:51:55,848] Trial 7 pruned. 
Best trial: 3. Best value: -0.00320771:  70%|███████   | 7/10 [01:49<00:36, 12.01s/it]Best trial: 3. Best value: -0.00320771:  70%|███████   | 7/10 [01:49<00:36, 12.01s/it]Best trial: 3. Best value: -0.00320771:  80%|████████  | 8/10 [01:49<00:17,  9.00s/it]                                                                                      [I 2026-07-24 14:51:58,390] Trial 8 pruned. 
Best trial: 3. Best value: -0.00320771:  80%|████████  | 8/10 [01:51<00:17,  9.00s/it]Best trial: 3. Best value: -0.00320771:  80%|████████  | 8/10 [01:51<00:17,  9.00s/it]Best trial: 3. Best value: -0.00320771:  90%|█████████ | 9/10 [01:51<00:06,  6.98s/it]                                                                                      [I 2026-07-24 14:52:01,024] Trial 9 pruned. 
Best trial: 3. Best value: -0.00320771:  90%|█████████ | 9/10 [01:54<00:06,  6.98s/it]Best trial: 3. Best value: -0.00320771:  90%|█████████ | 9/10 [01:54<00:06,  6.98s/it]Best trial: 3. Best value: -0.00320771: 100%|██████████| 10/10 [01:54<00:00,  5.64s/it]Best trial: 3. Best value: -0.00320771: 100%|██████████| 10/10 [01:54<00:00, 11.45s/it]

Trials: 6 complete, 4 pruned early (10 run)

=========== BEST (in-sample) ===========
value: -0.0032077104983931626
params: {'n_lags': 7, 'horizon': 4, 'entry_threshold': 0.00013227406286220192, 'atr_period': 13, 'atr_stop_mult': 2.849703999988818, 'use_limit_orders': False, 'limit_offset_bps': 6.762512680362851, 'use_kelly_sizing': True, 'kelly_fraction': 0.3850741165390428, 'max_open_positions': 1, 'cross_asset_lags': 2, 'spread_lags': 1, 'huber_alpha': 0.01241122343016716, 'huber_epsilon': 1.3496473712053154}

Saved best params -> quant/optimize/best_params.json

=========== VALIDATION (out-of-sample) ===========
oos score: 0.4973627284781018
Saved run artifact -> quant/runs/optimize_7a3f979f23.json
