Enter the Huber regression refitting period in bars (e.g., 1, 12, 24): No input received; defaulting refit period to 1 (refit every bar).
Structural feature/risk overrides from /Users/lindawang/Documents/Workspace/quant/jobs/optimize_7c452c4ee4_structural.json: {'use_regime_features': True, 'use_hmm_feature': True, 'regime_source': 'fit', 'hmm_source': 'fit', 'regime_raw_scale': 1.0, 'hmm_raw_scale': 1.0, 'risk_budget_pct': 0.01, 'max_trade_risk_pct': 0.0025, 'max_leverage': 1.0, 'daily_loss_limit_pct': 0.02, 'kill_switch_pct': 0.1, 'kill_warn_pct': 0.05, 'kelly_max_fraction': 0.5}
Optuna sampler seed = 903632127
Huber refit cadence = every 1 bar(s) (fixed, not tuned)
warmup_bars = 150, min_train_bars = 120 (fixed, not tuned)
In-sample:  quant/data/sample_bars_is.csv
Out-of-sample: quant/data/sample_bars_oos.csv
[I 2026-07-25 18:34:57,168] A new study created in RDB with name: optimize_7c452c4ee4
Running 40 trials.
  0%|          | 0/40 [00:00<?, ?it/s]                                      [I 2026-07-25 18:35:07,100] Trial 0 finished with value: -2.1968423790265885 and parameters: {'n_lags': 11, 'horizon': 3, 'entry_threshold': 0.001346260665845878, 'atr_period': 18, 'atr_stop_mult': 2.3776345008271584, 'use_limit_orders': True, 'limit_offset_bps': 3.410768897157881, 'use_kelly_sizing': True, 'kelly_fraction': 0.7052899561102597, 'max_open_positions': 5, 'cross_asset_lags': 0, 'spread_lags': 0, 'huber_alpha': 0.0010873402208141838, 'huber_epsilon': 1.565322237044474}. Best is trial 0 with value: -2.1968423790265885.
  0%|          | 0/40 [00:09<?, ?it/s]Best trial: 0. Best value: -2.19684:   0%|          | 0/40 [00:09<?, ?it/s]Best trial: 0. Best value: -2.19684:   2%|▎         | 1/40 [00:09<06:27,  9.93s/it]                                                                                   [I 2026-07-25 18:35:21,678] Trial 1 finished with value: -2.17047639973522 and parameters: {'n_lags': 13, 'horizon': 3, 'entry_threshold': 0.001314586282992429, 'atr_period': 17, 'atr_stop_mult': 2.0473120516295293, 'use_limit_orders': False, 'limit_offset_bps': 5.024836130236438, 'use_kelly_sizing': True, 'kelly_fraction': 0.9423716080701191, 'max_open_positions': 1, 'cross_asset_lags': 1, 'spread_lags': 2, 'huber_alpha': 4.718169828577896, 'huber_epsilon': 1.3864752014425177}. Best is trial 1 with value: -2.17047639973522.
Best trial: 0. Best value: -2.19684:   2%|▎         | 1/40 [00:24<06:27,  9.93s/it]Best trial: 1. Best value: -2.17048:   2%|▎         | 1/40 [00:24<06:27,  9.93s/it]Best trial: 1. Best value: -2.17048:   5%|▌         | 2/40 [00:24<08:01, 12.66s/it]                                                                                   [I 2026-07-25 18:35:39,965] Trial 2 finished with value: -2.4157569426089722 and parameters: {'n_lags': 13, 'horizon': 5, 'entry_threshold': 0.0009746787358016902, 'atr_period': 20, 'atr_stop_mult': 2.5466298758113832, 'use_limit_orders': True, 'limit_offset_bps': 0.9272013289607728, 'use_kelly_sizing': False, 'kelly_fraction': 0.34989380208937865, 'max_open_positions': 4, 'cross_asset_lags': 4, 'spread_lags': 4, 'huber_alpha': 8.62592534669576, 'huber_epsilon': 2.315697506489638}. Best is trial 1 with value: -2.17047639973522.
Best trial: 1. Best value: -2.17048:   5%|▌         | 2/40 [00:42<08:01, 12.66s/it]Best trial: 1. Best value: -2.17048:   5%|▌         | 2/40 [00:42<08:01, 12.66s/it]Best trial: 1. Best value: -2.17048:   8%|▊         | 3/40 [00:42<09:23, 15.23s/it]                                                                                   [I 2026-07-25 18:35:58,624] Trial 3 finished with value: -2.2111147541589418 and parameters: {'n_lags': 12, 'horizon': 2, 'entry_threshold': 0.004021047751205714, 'atr_period': 8, 'atr_stop_mult': 3.2197824338539762, 'use_limit_orders': True, 'limit_offset_bps': 3.042136310237182, 'use_kelly_sizing': False, 'kelly_fraction': 0.4374419631646901, 'max_open_positions': 2, 'cross_asset_lags': 1, 'spread_lags': 4, 'huber_alpha': 0.004131131130574384, 'huber_epsilon': 2.7792019751848223}. Best is trial 1 with value: -2.17047639973522.
Best trial: 1. Best value: -2.17048:   8%|▊         | 3/40 [01:01<09:23, 15.23s/it]Best trial: 1. Best value: -2.17048:   8%|▊         | 3/40 [01:01<09:23, 15.23s/it]Best trial: 1. Best value: -2.17048:  10%|█         | 4/40 [01:01<09:57, 16.58s/it]                                                                                   [I 2026-07-25 18:36:13,130] Trial 4 finished with value: -1.525713588782677 and parameters: {'n_lags': 15, 'horizon': 3, 'entry_threshold': 0.0005290011929197019, 'atr_period': 9, 'atr_stop_mult': 3.067568689101828, 'use_limit_orders': False, 'limit_offset_bps': 5.962205554825844, 'use_kelly_sizing': True, 'kelly_fraction': 0.08845302892394895, 'max_open_positions': 2, 'cross_asset_lags': 4, 'spread_lags': 0, 'huber_alpha': 0.12268413396792455, 'huber_epsilon': 2.8084316694043734}. Best is trial 4 with value: -1.525713588782677.
Best trial: 1. Best value: -2.17048:  10%|█         | 4/40 [01:15<09:57, 16.58s/it]Best trial: 4. Best value: -1.52571:  10%|█         | 4/40 [01:15<09:57, 16.58s/it]Best trial: 4. Best value: -1.52571:  12%|█▎        | 5/40 [01:15<09:14, 15.84s/it]                                                                                   [I 2026-07-25 18:36:30,428] Trial 5 finished with value: -2.192129347428689 and parameters: {'n_lags': 15, 'horizon': 3, 'entry_threshold': 0.004096031543579113, 'atr_period': 13, 'atr_stop_mult': 2.7628974648622515, 'use_limit_orders': False, 'limit_offset_bps': 5.795941478224459, 'use_kelly_sizing': False, 'kelly_fraction': 0.4308170664823431, 'max_open_positions': 5, 'cross_asset_lags': 4, 'spread_lags': 1, 'huber_alpha': 0.00014883369035431355, 'huber_epsilon': 1.4762325403656726}. Best is trial 4 with value: -1.525713588782677.
Best trial: 4. Best value: -1.52571:  12%|█▎        | 5/40 [01:33<09:14, 15.84s/it]Best trial: 4. Best value: -1.52571:  12%|█▎        | 5/40 [01:33<09:14, 15.84s/it]Best trial: 4. Best value: -1.52571:  15%|█▌        | 6/40 [01:33<09:15, 16.33s/it]                                                                                   [I 2026-07-25 18:36:33,122] Trial 6 pruned. 
Best trial: 4. Best value: -1.52571:  15%|█▌        | 6/40 [01:35<09:15, 16.33s/it]Best trial: 4. Best value: -1.52571:  15%|█▌        | 6/40 [01:35<09:15, 16.33s/it]Best trial: 4. Best value: -1.52571:  18%|█▊        | 7/40 [01:35<06:31, 11.87s/it]                                                                                   [I 2026-07-25 18:36:49,906] Trial 7 finished with value: -1.5295606998104854 and parameters: {'n_lags': 10, 'horizon': 3, 'entry_threshold': 0.00010562387671140676, 'atr_period': 16, 'atr_stop_mult': 1.5860074351092357, 'use_limit_orders': False, 'limit_offset_bps': 7.973043357614597, 'use_kelly_sizing': True, 'kelly_fraction': 0.4164925961221967, 'max_open_positions': 1, 'cross_asset_lags': 4, 'spread_lags': 1, 'huber_alpha': 1.024098120524399, 'huber_epsilon': 1.5923672799672262}. Best is trial 4 with value: -1.525713588782677.
Best trial: 4. Best value: -1.52571:  18%|█▊        | 7/40 [01:52<06:31, 11.87s/it]Best trial: 4. Best value: -1.52571:  18%|█▊        | 7/40 [01:52<06:31, 11.87s/it]Best trial: 4. Best value: -1.52571:  20%|██        | 8/40 [01:52<07:09, 13.44s/it]                                                                                   [I 2026-07-25 18:36:56,545] Trial 8 pruned. 
Best trial: 4. Best value: -1.52571:  20%|██        | 8/40 [01:59<07:09, 13.44s/it]Best trial: 4. Best value: -1.52571:  20%|██        | 8/40 [01:59<07:09, 13.44s/it]Best trial: 4. Best value: -1.52571:  22%|██▎       | 9/40 [01:59<05:50, 11.31s/it]                                                                                   [I 2026-07-25 18:38:02,881] Trial 9 pruned. 
Best trial: 4. Best value: -1.52571:  22%|██▎       | 9/40 [03:05<05:50, 11.31s/it]Best trial: 4. Best value: -1.52571:  22%|██▎       | 9/40 [03:05<05:50, 11.31s/it]Best trial: 4. Best value: -1.52571:  25%|██▌       | 10/40 [03:05<14:08, 28.30s/it]                                                                                    [I 2026-07-25 18:38:05,733] Trial 10 pruned. 
Best trial: 4. Best value: -1.52571:  25%|██▌       | 10/40 [03:08<14:08, 28.30s/it]Best trial: 4. Best value: -1.52571:  25%|██▌       | 10/40 [03:08<14:08, 28.30s/it]Best trial: 4. Best value: -1.52571:  28%|██▊       | 11/40 [03:08<09:54, 20.51s/it]                                                                                    [I 2026-07-25 18:38:19,815] Trial 11 finished with value: -1.9155880091861168 and parameters: {'n_lags': 9, 'horizon': 4, 'entry_threshold': 0.00010261582348483775, 'atr_period': 14, 'atr_stop_mult': 3.5643735760286472, 'use_limit_orders': False, 'limit_offset_bps': 9.801753166755411, 'use_kelly_sizing': True, 'kelly_fraction': 0.06455326870079431, 'max_open_positions': 1, 'cross_asset_lags': 5, 'spread_lags': 0, 'huber_alpha': 0.6624650090581963, 'huber_epsilon': 2.980697846988912}. Best is trial 4 with value: -1.525713588782677.
Best trial: 4. Best value: -1.52571:  28%|██▊       | 11/40 [03:22<09:54, 20.51s/it]Best trial: 4. Best value: -1.52571:  28%|██▊       | 11/40 [03:22<09:54, 20.51s/it]Best trial: 4. Best value: -1.52571:  30%|███       | 12/40 [03:22<08:39, 18.55s/it]                                                                                    [I 2026-07-25 18:38:35,732] Trial 12 finished with value: -1.2048350476580723 and parameters: {'n_lags': 8, 'horizon': 4, 'entry_threshold': 0.00030623082766470825, 'atr_period': 11, 'atr_stop_mult': 1.0386614275757424, 'use_limit_orders': False, 'limit_offset_bps': 2.8555555913855653, 'use_kelly_sizing': True, 'kelly_fraction': 0.2198667278549451, 'max_open_positions': 2, 'cross_asset_lags': 3, 'spread_lags': 2, 'huber_alpha': 0.060410597544511606, 'huber_epsilon': 1.781405135694661}. Best is trial 12 with value: -1.2048350476580723.
Best trial: 4. Best value: -1.52571:  30%|███       | 12/40 [03:38<08:39, 18.55s/it]Best trial: 12. Best value: -1.20484:  30%|███       | 12/40 [03:38<08:39, 18.55s/it]Best trial: 12. Best value: -1.20484:  32%|███▎      | 13/40 [03:38<07:59, 17.76s/it]                                                                                     [I 2026-07-25 18:38:51,624] Trial 13 finished with value: -1.8559042453761423 and parameters: {'n_lags': 7, 'horizon': 4, 'entry_threshold': 0.00037346922160526666, 'atr_period': 10, 'atr_stop_mult': 3.035952693705319, 'use_limit_orders': False, 'limit_offset_bps': 2.2964829304741814, 'use_kelly_sizing': True, 'kelly_fraction': 0.2226608167339233, 'max_open_positions': 2, 'cross_asset_lags': 3, 'spread_lags': 2, 'huber_alpha': 0.03052351195164613, 'huber_epsilon': 1.8603491606441303}. Best is trial 12 with value: -1.2048350476580723.
Best trial: 12. Best value: -1.20484:  32%|███▎      | 13/40 [03:54<07:59, 17.76s/it]Best trial: 12. Best value: -1.20484:  32%|███▎      | 13/40 [03:54<07:59, 17.76s/it]Best trial: 12. Best value: -1.20484:  35%|███▌      | 14/40 [03:54<07:27, 17.19s/it]                                                                                     [I 2026-07-25 18:38:53,972] Trial 14 pruned. 
Best trial: 12. Best value: -1.20484:  35%|███▌      | 14/40 [03:56<07:27, 17.19s/it]Best trial: 12. Best value: -1.20484:  35%|███▌      | 14/40 [03:56<07:27, 17.19s/it]Best trial: 12. Best value: -1.20484:  38%|███▊      | 15/40 [03:56<05:17, 12.72s/it]                                                                                     [I 2026-07-25 18:38:56,899] Trial 15 pruned. 
Best trial: 12. Best value: -1.20484:  38%|███▊      | 15/40 [03:59<05:17, 12.72s/it]Best trial: 12. Best value: -1.20484:  38%|███▊      | 15/40 [03:59<05:17, 12.72s/it]Best trial: 12. Best value: -1.20484:  40%|████      | 16/40 [03:59<03:54,  9.77s/it]                                                                                     [I 2026-07-25 18:39:11,960] Trial 16 finished with value: -1.9462665795891942 and parameters: {'n_lags': 7, 'horizon': 4, 'entry_threshold': 0.00018602509350335687, 'atr_period': 10, 'atr_stop_mult': 3.9840870147561884, 'use_limit_orders': False, 'limit_offset_bps': 1.8058280649236564, 'use_kelly_sizing': True, 'kelly_fraction': 0.05640018833650009, 'max_open_positions': 2, 'cross_asset_lags': 4, 'spread_lags': 0, 'huber_alpha': 0.010119262100334071, 'huber_epsilon': 2.955750042303127}. Best is trial 12 with value: -1.2048350476580723.
Best trial: 12. Best value: -1.20484:  40%|████      | 16/40 [04:14<03:54,  9.77s/it]Best trial: 12. Best value: -1.20484:  40%|████      | 16/40 [04:14<03:54,  9.77s/it]Best trial: 12. Best value: -1.20484:  42%|████▎     | 17/40 [04:14<04:21, 11.36s/it]                                                                                     [I 2026-07-25 18:39:14,540] Trial 17 pruned. 
Best trial: 12. Best value: -1.20484:  42%|████▎     | 17/40 [04:17<04:21, 11.36s/it]Best trial: 12. Best value: -1.20484:  42%|████▎     | 17/40 [04:17<04:21, 11.36s/it]Best trial: 12. Best value: -1.20484:  45%|████▌     | 18/40 [04:17<03:11,  8.72s/it]                                                                                     [I 2026-07-25 18:39:32,206] Trial 18 finished with value: -1.7591789940659166 and parameters: {'n_lags': 5, 'horizon': 5, 'entry_threshold': 0.0002320371078493145, 'atr_period': 12, 'atr_stop_mult': 3.3903109194759042, 'use_limit_orders': False, 'limit_offset_bps': 2.5438796321442028, 'use_kelly_sizing': True, 'kelly_fraction': 0.14545183546160972, 'max_open_positions': 1, 'cross_asset_lags': 5, 'spread_lags': 3, 'huber_alpha': 0.08567464249324712, 'huber_epsilon': 2.2459038853381044}. Best is trial 12 with value: -1.2048350476580723.
Best trial: 12. Best value: -1.20484:  45%|████▌     | 18/40 [04:35<03:11,  8.72s/it]Best trial: 12. Best value: -1.20484:  45%|████▌     | 18/40 [04:35<03:11,  8.72s/it]Best trial: 12. Best value: -1.20484:  48%|████▊     | 19/40 [04:35<03:59, 11.41s/it]                                                                                     [I 2026-07-25 18:39:34,092] Trial 19 pruned. 
Best trial: 12. Best value: -1.20484:  48%|████▊     | 19/40 [04:36<03:59, 11.41s/it]Best trial: 12. Best value: -1.20484:  48%|████▊     | 19/40 [04:36<03:59, 11.41s/it]Best trial: 12. Best value: -1.20484:  50%|█████     | 20/40 [04:36<02:50,  8.55s/it]                                                                                     [I 2026-07-25 18:39:51,000] Trial 20 finished with value: -2.7355111988657574 and parameters: {'n_lags': 5, 'horizon': 2, 'entry_threshold': 0.0009170235574266294, 'atr_period': 15, 'atr_stop_mult': 2.704472853415096, 'use_limit_orders': False, 'limit_offset_bps': 1.5836766635060862, 'use_kelly_sizing': True, 'kelly_fraction': 0.16070681040725676, 'max_open_positions': 2, 'cross_asset_lags': 4, 'spread_lags': 2, 'huber_alpha': 0.0005559470229479338, 'huber_epsilon': 2.0360634048714568}. Best is trial 12 with value: -1.2048350476580723.
Best trial: 12. Best value: -1.20484:  50%|█████     | 20/40 [04:53<02:50,  8.55s/it]Best trial: 12. Best value: -1.20484:  50%|█████     | 20/40 [04:53<02:50,  8.55s/it]Best trial: 12. Best value: -1.20484:  52%|█████▎    | 21/40 [04:53<03:30, 11.06s/it]                                                                                     [I 2026-07-25 18:39:53,242] Trial 21 pruned. 
Best trial: 12. Best value: -1.20484:  52%|█████▎    | 21/40 [04:56<03:30, 11.06s/it]Best trial: 12. Best value: -1.20484:  52%|█████▎    | 21/40 [04:56<03:30, 11.06s/it]Best trial: 12. Best value: -1.20484:  55%|█████▌    | 22/40 [04:56<02:31,  8.41s/it]                                                                                     [I 2026-07-25 18:39:55,428] Trial 22 pruned. 
Best trial: 12. Best value: -1.20484:  55%|█████▌    | 22/40 [04:58<02:31,  8.41s/it]Best trial: 12. Best value: -1.20484:  55%|█████▌    | 22/40 [04:58<02:31,  8.41s/it]Best trial: 12. Best value: -1.20484:  57%|█████▊    | 23/40 [04:58<01:51,  6.54s/it]                                                                                     [I 2026-07-25 18:39:57,529] Trial 23 pruned. 
Best trial: 12. Best value: -1.20484:  57%|█████▊    | 23/40 [05:00<01:51,  6.54s/it]Best trial: 12. Best value: -1.20484:  57%|█████▊    | 23/40 [05:00<01:51,  6.54s/it]Best trial: 12. Best value: -1.20484:  60%|██████    | 24/40 [05:00<01:23,  5.21s/it]                                                                                     [I 2026-07-25 18:39:59,881] Trial 24 pruned. 
Best trial: 12. Best value: -1.20484:  60%|██████    | 24/40 [05:02<01:23,  5.21s/it]Best trial: 12. Best value: -1.20484:  60%|██████    | 24/40 [05:02<01:23,  5.21s/it]Best trial: 12. Best value: -1.20484:  62%|██████▎   | 25/40 [05:02<01:05,  4.35s/it]                                                                                     [I 2026-07-25 18:40:15,911] Trial 25 finished with value: -1.4128697759361781 and parameters: {'n_lags': 11, 'horizon': 4, 'entry_threshold': 0.00045640369172476983, 'atr_period': 19, 'atr_stop_mult': 3.670329274314915, 'use_limit_orders': False, 'limit_offset_bps': 2.8962273558783083, 'use_kelly_sizing': True, 'kelly_fraction': 0.2653739623268423, 'max_open_positions': 1, 'cross_asset_lags': 3, 'spread_lags': 2, 'huber_alpha': 0.07852702407496519, 'huber_epsilon': 1.8965647863972108}. Best is trial 12 with value: -1.2048350476580723.
Best trial: 12. Best value: -1.20484:  62%|██████▎   | 25/40 [05:18<01:05,  4.35s/it]Best trial: 12. Best value: -1.20484:  62%|██████▎   | 25/40 [05:18<01:05,  4.35s/it]Best trial: 12. Best value: -1.20484:  65%|██████▌   | 26/40 [05:18<01:49,  7.86s/it]                                                                                     [I 2026-07-25 18:40:18,376] Trial 26 pruned. 
Best trial: 12. Best value: -1.20484:  65%|██████▌   | 26/40 [05:21<01:49,  7.86s/it]Best trial: 12. Best value: -1.20484:  65%|██████▌   | 26/40 [05:21<01:49,  7.86s/it]Best trial: 12. Best value: -1.20484:  68%|██████▊   | 27/40 [05:21<01:21,  6.24s/it]/opt/homebrew/Cellar/python@3.12/3.12.13_4/Frameworks/Python.framework/Versions/3.12/lib/python3.12/multiprocessing/resource_tracker.py:279: UserWarning: resource_tracker: There appear to be 1 leaked semaphore objects to clean up at shutdown
  warnings.warn('resource_tracker: There appear to be %d '
