Best trial: 25. Best value: 0.207888:  15%|█▌        | 30/200 [04:59<27:04,  9.55s/it]Best trial: 25. Best value: 0.207888:  15%|█▌        | 30/200 [04:59<27:04,  9.55s/it]Best trial: 25. Best value: 0.207888:  16%|█▌        | 31/200 [04:59<21:03,  7.48s/it]                                                                                      [I 2026-07-23 15:38:25,175] Trial 31 finished with value: -0.6604116453069164 and parameters: {'n_lags': 6, 'horizon': 5, 'entry_threshold': 0.0003855708894318574, 'atr_period': 12, 'atr_stop_mult': 1.212099720291194, 'use_limit_orders': True, 'limit_offset_bps': 5.931677722823661, 'use_kelly_sizing': True, 'kelly_fraction': 0.5554219750126788, 'max_open_positions': 1, 'cross_asset_lags': 5, 'spread_lags': 0, 'huber_alpha': 0.0009160065864236513, 'huber_epsilon': 1.4765516804951346}. Best is trial 25 with value: 0.20788762962898794.
Best trial: 25. Best value: 0.207888:  16%|█▌        | 31/200 [05:16<21:03,  7.48s/it]Best trial: 25. Best value: 0.207888:  16%|█▌        | 31/200 [05:16<21:03,  7.48s/it]Best trial: 25. Best value: 0.207888:  16%|█▌        | 32/200 [05:16<29:01, 10.37s/it]                                                                                      [I 2026-07-23 15:38:42,178] Trial 32 finished with value: -0.2856185907382687 and parameters: {'n_lags': 7, 'horizon': 5, 'entry_threshold': 0.00024857799789266806, 'atr_period': 10, 'atr_stop_mult': 1.226033881335661, 'use_limit_orders': True, 'limit_offset_bps': 9.985696654379916, 'use_kelly_sizing': True, 'kelly_fraction': 0.4290082438110887, 'max_open_positions': 1, 'cross_asset_lags': 5, 'spread_lags': 0, 'huber_alpha': 0.00012879687533422755, 'huber_epsilon': 1.7580575998424317}. Best is trial 25 with value: 0.20788762962898794.
Best trial: 25. Best value: 0.207888:  16%|█▌        | 32/200 [05:33<29:01, 10.37s/it]Best trial: 25. Best value: 0.207888:  16%|█▌        | 32/200 [05:33<29:01, 10.37s/it]Best trial: 25. Best value: 0.207888:  16%|█▋        | 33/200 [05:33<34:23, 12.36s/it]                                                                                      [I 2026-07-23 15:38:44,683] Trial 33 pruned. 
Best trial: 25. Best value: 0.207888:  16%|█▋        | 33/200 [05:35<34:23, 12.36s/it]Best trial: 25. Best value: 0.207888:  16%|█▋        | 33/200 [05:35<34:23, 12.36s/it]Best trial: 25. Best value: 0.207888:  17%|█▋        | 34/200 [05:35<26:00,  9.40s/it]                                                                                      [I 2026-07-23 15:39:00,804] Trial 34 finished with value: 0.14923798948654166 and parameters: {'n_lags': 8, 'horizon': 5, 'entry_threshold': 0.0005257627557147809, 'atr_period': 11, 'atr_stop_mult': 1.7639380753601004, 'use_limit_orders': True, 'limit_offset_bps': 7.29942549227275, 'use_kelly_sizing': False, 'kelly_fraction': 0.4621192519936682, 'max_open_positions': 1, 'cross_asset_lags': 4, 'spread_lags': 0, 'huber_alpha': 0.018874957491360513, 'huber_epsilon': 2.3444282595631116}. Best is trial 25 with value: 0.20788762962898794.
Best trial: 25. Best value: 0.207888:  17%|█▋        | 34/200 [05:51<26:00,  9.40s/it]Best trial: 25. Best value: 0.207888:  17%|█▋        | 34/200 [05:51<26:00,  9.40s/it]Best trial: 25. Best value: 0.207888:  18%|█▊        | 35/200 [05:51<31:23, 11.42s/it]                                                                                      [I 2026-07-23 15:39:03,277] Trial 35 pruned. 
Best trial: 25. Best value: 0.207888:  18%|█▊        | 35/200 [05:54<31:23, 11.42s/it]Best trial: 25. Best value: 0.207888:  18%|█▊        | 35/200 [05:54<31:23, 11.42s/it]Best trial: 25. Best value: 0.207888:  18%|█▊        | 36/200 [05:54<23:52,  8.73s/it]                                                                                      [I 2026-07-23 15:39:05,702] Trial 36 pruned. 
Best trial: 25. Best value: 0.207888:  18%|█▊        | 36/200 [05:56<23:52,  8.73s/it]Best trial: 25. Best value: 0.207888:  18%|█▊        | 36/200 [05:56<23:52,  8.73s/it]Best trial: 25. Best value: 0.207888:  18%|█▊        | 37/200 [05:56<18:35,  6.84s/it]                                                                                      [I 2026-07-23 15:39:22,093] Trial 37 finished with value: -0.14040503814398758 and parameters: {'n_lags': 8, 'horizon': 5, 'entry_threshold': 0.0011122495059860372, 'atr_period': 10, 'atr_stop_mult': 2.5295551447749327, 'use_limit_orders': True, 'limit_offset_bps': 4.00275727848487, 'use_kelly_sizing': False, 'kelly_fraction': 0.338249041744776, 'max_open_positions': 1, 'cross_asset_lags': 4, 'spread_lags': 1, 'huber_alpha': 6.490285717278118, 'huber_epsilon': 2.845123883885477}. Best is trial 25 with value: 0.20788762962898794.
Best trial: 25. Best value: 0.207888:  18%|█▊        | 37/200 [06:13<18:35,  6.84s/it]Best trial: 25. Best value: 0.207888:  18%|█▊        | 37/200 [06:13<18:35,  6.84s/it]Best trial: 25. Best value: 0.207888:  19%|█▉        | 38/200 [06:13<26:12,  9.71s/it]                                                                                      [I 2026-07-23 15:39:24,599] Trial 38 pruned. 
Best trial: 25. Best value: 0.207888:  19%|█▉        | 38/200 [06:15<26:12,  9.71s/it]Best trial: 25. Best value: 0.207888:  19%|█▉        | 38/200 [06:15<26:12,  9.71s/it]Best trial: 25. Best value: 0.207888:  20%|█▉        | 39/200 [06:15<20:14,  7.55s/it]                                                                                      [I 2026-07-23 15:39:40,880] Trial 39 finished with value: -0.44239873969607146 and parameters: {'n_lags': 10, 'horizon': 5, 'entry_threshold': 0.00020157347608848326, 'atr_period': 9, 'atr_stop_mult': 1.4856758821612581, 'use_limit_orders': True, 'limit_offset_bps': 6.56323006379618, 'use_kelly_sizing': False, 'kelly_fraction': 0.8073584418681177, 'max_open_positions': 1, 'cross_asset_lags': 4, 'spread_lags': 1, 'huber_alpha': 0.01965896376924345, 'huber_epsilon': 2.2843406187162665}. Best is trial 25 with value: 0.20788762962898794.
Best trial: 25. Best value: 0.207888:  20%|█▉        | 39/200 [06:31<20:14,  7.55s/it]Best trial: 25. Best value: 0.207888:  20%|█▉        | 39/200 [06:31<20:14,  7.55s/it]Best trial: 25. Best value: 0.207888:  20%|██        | 40/200 [06:31<27:06, 10.17s/it]                                                                                      [I 2026-07-23 15:39:43,461] Trial 40 pruned. 
Best trial: 25. Best value: 0.207888:  20%|██        | 40/200 [06:34<27:06, 10.17s/it]Best trial: 25. Best value: 0.207888:  20%|██        | 40/200 [06:34<27:06, 10.17s/it]Best trial: 25. Best value: 0.207888:  20%|██        | 41/200 [06:34<20:54,  7.89s/it]                                                                                      [I 2026-07-23 15:40:00,328] Trial 41 finished with value: -0.16676793001558116 and parameters: {'n_lags': 8, 'horizon': 5, 'entry_threshold': 0.0011417339164303464, 'atr_period': 10, 'atr_stop_mult': 2.5345177449095426, 'use_limit_orders': True, 'limit_offset_bps': 2.020492988040155, 'use_kelly_sizing': False, 'kelly_fraction': 0.34260404134120226, 'max_open_positions': 1, 'cross_asset_lags': 4, 'spread_lags': 1, 'huber_alpha': 6.577243772213518, 'huber_epsilon': 2.8515676279501405}. Best is trial 25 with value: 0.20788762962898794.
Best trial: 25. Best value: 0.207888:  20%|██        | 41/200 [06:51<20:54,  7.89s/it]Best trial: 25. Best value: 0.207888:  20%|██        | 41/200 [06:51<20:54,  7.89s/it]Best trial: 25. Best value: 0.207888:  21%|██        | 42/200 [06:51<27:52, 10.58s/it]/opt/homebrew/Cellar/python@3.12/3.12.13_4/Frameworks/Python.framework/Versions/3.12/lib/python3.12/multiprocessing/resource_tracker.py:279: UserWarning: resource_tracker: There appear to be 1 leaked semaphore objects to clean up at shutdown
  warnings.warn('resource_tracker: There appear to be %d '
